{"/home/travis/build/npmtest/node-npmtest-websocket/test.js":{"path":"/home/travis/build/npmtest/node-npmtest-websocket/test.js","s":{"1":2,"2":2,"3":2,"4":2,"5":2,"6":2,"7":2,"8":1,"9":2,"10":2,"11":1,"12":1,"13":1,"14":1,"15":2,"16":2,"17":2,"18":2,"19":1,"20":1,"21":2,"22":2,"23":2,"24":1,"25":1,"26":1,"27":1,"28":1,"29":1,"30":1,"31":1,"32":1,"33":1,"34":1,"35":1,"36":1,"37":2,"38":2,"39":1,"40":2,"41":2,"42":1,"43":2,"44":2,"45":1,"46":2,"47":2,"48":1,"49":1,"50":1,"51":1,"52":1},"b":{"1":[2,1,1,1],"2":[1,1,1,1],"3":[1,1],"4":[1,1],"5":[1,1],"6":[1,1],"7":[1,1],"8":[1,1],"9":[1,1,1],"10":[1,1],"11":[1,1],"12":[1,1],"13":[1,1],"14":[1,1],"15":[1,1],"16":[1,1]},"f":{"1":2,"2":2,"3":2,"4":2,"5":2,"6":1,"7":1,"8":2,"9":2,"10":2,"11":2,"12":1},"fnMap":{"1":{"name":"(anonymous_1)","line":12,"loc":{"start":{"line":12,"column":1},"end":{"line":12,"column":13}}},"2":{"name":"(anonymous_2)","line":19,"loc":{"start":{"line":19,"column":5},"end":{"line":19,"column":17}}},"3":{"name":"(anonymous_3)","line":23,"loc":{"start":{"line":23,"column":24},"end":{"line":23,"column":36}}},"4":{"name":"(anonymous_4)","line":61,"loc":{"start":{"line":61,"column":5},"end":{"line":61,"column":17}}},"5":{"name":"(anonymous_5)","line":82,"loc":{"start":{"line":82,"column":5},"end":{"line":82,"column":17}}},"6":{"name":"(anonymous_6)","line":102,"loc":{"start":{"line":102,"column":83},"end":{"line":105,"column":10}},"skip":true},"7":{"name":"(anonymous_7)","line":113,"loc":{"start":{"line":113,"column":77},"end":{"line":116,"column":10}},"skip":true},"8":{"name":"(anonymous_8)","line":129,"loc":{"start":{"line":129,"column":12},"end":{"line":129,"column":40}},"skip":true},"9":{"name":"(anonymous_9)","line":137,"loc":{"start":{"line":137,"column":77},"end":{"line":140,"column":10}},"skip":true},"10":{"name":"(anonymous_10)","line":148,"loc":{"start":{"line":148,"column":83},"end":{"line":151,"column":10}},"skip":true},"11":{"name":"(anonymous_11)","line":159,"loc":{"start":{"line":159,"column":79},"end":{"line":162,"column":10}},"skip":true},"12":{"name":"(anonymous_12)","line":170,"loc":{"start":{"line":170,"column":75},"end":{"line":173,"column":10}},"skip":true}},"statementMap":{"1":{"start":{"line":12,"column":0},"end":{"line":185,"column":5}},"2":{"start":{"line":14,"column":4},"end":{"line":14,"column":14}},"3":{"start":{"line":19,"column":4},"end":{"line":56,"column":9}},"4":{"start":{"line":21,"column":8},"end":{"line":21,"column":19}},"5":{"start":{"line":23,"column":8},"end":{"line":35,"column":13}},"6":{"start":{"line":24,"column":12},"end":{"line":34,"column":13}},"7":{"start":{"line":25,"column":16},"end":{"line":28,"column":30}},"8":{"start":{"line":30,"column":16},"end":{"line":33,"column":27}},"9":{"start":{"line":37,"column":8},"end":{"line":39,"column":21}},"10":{"start":{"line":40,"column":8},"end":{"line":53,"column":9}},"11":{"start":{"line":43,"column":12},"end":{"line":46,"column":14}},"12":{"start":{"line":47,"column":12},"end":{"line":47,"column":18}},"13":{"start":{"line":50,"column":12},"end":{"line":51,"column":46}},"14":{"start":{"line":52,"column":12},"end":{"line":52,"column":18}},"15":{"start":{"line":55,"column":8},"end":{"line":55,"column":35}},"16":{"start":{"line":61,"column":4},"end":{"line":63,"column":9}},"17":{"start":{"line":62,"column":8},"end":{"line":62,"column":15}},"18":{"start":{"line":64,"column":4},"end":{"line":77,"column":5}},"19":{"start":{"line":70,"column":8},"end":{"line":70,"column":14}},"20":{"start":{"line":76,"column":8},"end":{"line":76,"column":14}},"21":{"start":{"line":82,"column":4},"end":{"line":84,"column":9}},"22":{"start":{"line":83,"column":8},"end":{"line":83,"column":15}},"23":{"start":{"line":85,"column":4},"end":{"line":184,"column":5}},"24":{"start":{"line":92,"column":8},"end":{"line":94,"column":63}},"25":{"start":{"line":95,"column":8},"end":{"line":95,"column":14}},"26":{"start":{"line":102,"column":8},"end":{"line":111,"column":10},"skip":true},"27":{"start":{"line":109,"column":12},"end":{"line":109,"column":55},"skip":true},"28":{"start":{"line":110,"column":12},"end":{"line":110,"column":48},"skip":true},"29":{"start":{"line":113,"column":8},"end":{"line":126,"column":10},"skip":true},"30":{"start":{"line":120,"column":12},"end":{"line":120,"column":76},"skip":true},"31":{"start":{"line":121,"column":12},"end":{"line":121,"column":73},"skip":true},"32":{"start":{"line":122,"column":12},"end":{"line":122,"column":74},"skip":true},"33":{"start":{"line":123,"column":12},"end":{"line":123,"column":79},"skip":true},"34":{"start":{"line":124,"column":12},"end":{"line":124,"column":25},"skip":true},"35":{"start":{"line":125,"column":12},"end":{"line":125,"column":45},"skip":true},"36":{"start":{"line":128,"column":8},"end":{"line":135,"column":14},"skip":true},"37":{"start":{"line":133,"column":16},"end":{"line":133,"column":29},"skip":true},"38":{"start":{"line":134,"column":16},"end":{"line":134,"column":55},"skip":true},"39":{"start":{"line":137,"column":8},"end":{"line":146,"column":10},"skip":true},"40":{"start":{"line":144,"column":12},"end":{"line":144,"column":25},"skip":true},"41":{"start":{"line":145,"column":12},"end":{"line":145,"column":45},"skip":true},"42":{"start":{"line":148,"column":8},"end":{"line":157,"column":10},"skip":true},"43":{"start":{"line":155,"column":12},"end":{"line":155,"column":25},"skip":true},"44":{"start":{"line":156,"column":12},"end":{"line":156,"column":48},"skip":true},"45":{"start":{"line":159,"column":8},"end":{"line":168,"column":10},"skip":true},"46":{"start":{"line":166,"column":12},"end":{"line":166,"column":25},"skip":true},"47":{"start":{"line":167,"column":12},"end":{"line":167,"column":46},"skip":true},"48":{"start":{"line":170,"column":8},"end":{"line":179,"column":10},"skip":true},"49":{"start":{"line":177,"column":12},"end":{"line":177,"column":94},"skip":true},"50":{"start":{"line":178,"column":12},"end":{"line":178,"column":48},"skip":true},"51":{"start":{"line":182,"column":8},"end":{"line":182,"column":35},"skip":true},"52":{"start":{"line":183,"column":8},"end":{"line":183,"column":14},"skip":true}},"branchMap":{"1":{"line":25,"type":"binary-expr","locations":[{"start":{"line":25,"column":23},"end":{"line":25,"column":62}},{"start":{"line":26,"column":20},"end":{"line":26,"column":70}},{"start":{"line":27,"column":20},"end":{"line":27,"column":71}},{"start":{"line":28,"column":20},"end":{"line":28,"column":29}}]},"2":{"line":30,"type":"binary-expr","locations":[{"start":{"line":30,"column":23},"end":{"line":30,"column":37}},{"start":{"line":31,"column":20},"end":{"line":31,"column":61}},{"start":{"line":32,"column":20},"end":{"line":32,"column":70}},{"start":{"line":33,"column":20},"end":{"line":33,"column":26}}]},"3":{"line":37,"type":"cond-expr","locations":[{"start":{"line":38,"column":14},"end":{"line":38,"column":20}},{"start":{"line":39,"column":14},"end":{"line":39,"column":20}}]},"4":{"line":40,"type":"switch","locations":[{"start":{"line":42,"column":8},"end":{"line":47,"column":18}},{"start":{"line":49,"column":8},"end":{"line":52,"column":18}}]},"5":{"line":44,"type":"binary-expr","locations":[{"start":{"line":44,"column":16},"end":{"line":44,"column":44}},{"start":{"line":44,"column":48},"end":{"line":44,"column":66}}]},"6":{"line":50,"type":"binary-expr","locations":[{"start":{"line":50,"column":21},"end":{"line":50,"column":49}},{"start":{"line":50,"column":53},"end":{"line":50,"column":72}}]},"7":{"line":64,"type":"switch","locations":[{"start":{"line":69,"column":4},"end":{"line":70,"column":14}},{"start":{"line":75,"column":4},"end":{"line":76,"column":14}}]},"8":{"line":85,"type":"switch","locations":[{"start":{"line":90,"column":4},"end":{"line":95,"column":14}},{"start":{"line":101,"column":4},"end":{"line":183,"column":14},"skip":true}]},"9":{"line":92,"type":"binary-expr","locations":[{"start":{"line":92,"column":18},"end":{"line":92,"column":32}},{"start":{"line":93,"column":12},"end":{"line":93,"column":53}},{"start":{"line":94,"column":12},"end":{"line":94,"column":61}}]},"10":{"line":102,"type":"binary-expr","locations":[{"start":{"line":102,"column":45},"end":{"line":102,"column":79},"skip":true},{"start":{"line":102,"column":83},"end":{"line":111,"column":9},"skip":true}]},"11":{"line":113,"type":"binary-expr","locations":[{"start":{"line":113,"column":42},"end":{"line":113,"column":73},"skip":true},{"start":{"line":113,"column":77},"end":{"line":126,"column":9},"skip":true}]},"12":{"line":128,"type":"binary-expr","locations":[{"start":{"line":128,"column":48},"end":{"line":128,"column":85},"skip":true},{"start":{"line":129,"column":12},"end":{"line":135,"column":13},"skip":true}]},"13":{"line":137,"type":"binary-expr","locations":[{"start":{"line":137,"column":42},"end":{"line":137,"column":73},"skip":true},{"start":{"line":137,"column":77},"end":{"line":146,"column":9},"skip":true}]},"14":{"line":148,"type":"binary-expr","locations":[{"start":{"line":148,"column":45},"end":{"line":148,"column":79},"skip":true},{"start":{"line":148,"column":83},"end":{"line":157,"column":9},"skip":true}]},"15":{"line":159,"type":"binary-expr","locations":[{"start":{"line":159,"column":43},"end":{"line":159,"column":75},"skip":true},{"start":{"line":159,"column":79},"end":{"line":168,"column":9},"skip":true}]},"16":{"line":170,"type":"binary-expr","locations":[{"start":{"line":170,"column":41},"end":{"line":170,"column":71},"skip":true},{"start":{"line":170,"column":75},"end":{"line":179,"column":9},"skip":true}]}},"code":["/* istanbul instrument in package npmtest_websocket */","/*jslint","    bitwise: true,","    browser: true,","    maxerr: 8,","    maxlen: 96,","    node: true,","    nomen: true,","    regexp: true,","    stupid: true","*/","(function () {","    'use strict';","    var local;","","","","    // run shared js-env code - pre-init","    (function () {","        // init local","        local = {};","        // init modeJs","        local.modeJs = (function () {","            try {","                return typeof navigator.userAgent === 'string' &&","                    typeof document.querySelector('body') === 'object' &&","                    typeof XMLHttpRequest.prototype.open === 'function' &&","                    'browser';","            } catch (errorCaughtBrowser) {","                return module.exports &&","                    typeof process.versions.node === 'string' &&","                    typeof require('http').createServer === 'function' &&","                    'node';","            }","        }());","        // init global","        local.global = local.modeJs === 'browser'","            ? window","            : global;","        switch (local.modeJs) {","        // re-init local from window.local","        case 'browser':","            local = local.global.utility2.objectSetDefault(","                local.global.utility2_rollup || local.global.local,","                local.global.utility2","            );","            break;","        // re-init local from example.js","        case 'node':","            local = (local.global.utility2_rollup || require('utility2'))","                .requireExampleJsFromReadme();","            break;","        }","        // export local","        local.global.local = local;","    }());","","","","    // run shared js-env code - function","    (function () {","        return;","    }());","    switch (local.modeJs) {","","","","    // run browser js-env code - function","    case 'browser':","        break;","","","","    // run node js-env code - function","    case 'node':","        break;","    }","","","","    // run shared js-env code - post-init","    (function () {","        return;","    }());","    switch (local.modeJs) {","","","","    // run browser js-env code - post-init","    case 'browser':","        // run tests","        local.nop(local.modeTest &&","            document.querySelector('#testRunButton1') &&","            document.querySelector('#testRunButton1').click());","        break;","","","","    // run node js-env code - post-init","    /* istanbul ignore next */","    case 'node':","        local.testCase_buildApidoc_default = local.testCase_buildApidoc_default || function (","            options,","            onError","        ) {","        /*","         * this function will test buildApidoc's default handling-behavior-behavior","         */","            options = { modulePathList: module.paths };","            local.buildApidoc(options, onError);","        };","","        local.testCase_buildApp_default = local.testCase_buildApp_default || function (","            options,","            onError","        ) {","        /*","         * this function will test buildApp's default handling-behavior-behavior","         */","            local.testCase_buildReadme_default(options, local.onErrorThrow);","            local.testCase_buildLib_default(options, local.onErrorThrow);","            local.testCase_buildTest_default(options, local.onErrorThrow);","            local.testCase_buildCustomOrg_default(options, local.onErrorThrow);","            options = [];","            local.buildApp(options, onError);","        };","","        local.testCase_buildCustomOrg_default = local.testCase_buildCustomOrg_default ||","            function (options, onError) {","            /*","             * this function will test buildCustomOrg's default handling-behavior","             */","                options = {};","                local.buildCustomOrg(options, onError);","            };","","        local.testCase_buildLib_default = local.testCase_buildLib_default || function (","            options,","            onError","        ) {","        /*","         * this function will test buildLib's default handling-behavior","         */","            options = {};","            local.buildLib(options, onError);","        };","","        local.testCase_buildReadme_default = local.testCase_buildReadme_default || function (","            options,","            onError","        ) {","        /*","         * this function will test buildReadme's default handling-behavior-behavior","         */","            options = {};","            local.buildReadme(options, onError);","        };","","        local.testCase_buildTest_default = local.testCase_buildTest_default || function (","            options,","            onError","        ) {","        /*","         * this function will test buildTest's default handling-behavior","         */","            options = {};","            local.buildTest(options, onError);","        };","","        local.testCase_webpage_default = local.testCase_webpage_default || function (","            options,","            onError","        ) {","        /*","         * this function will test webpage's default handling-behavior","         */","            options = { modeCoverageMerge: true, url: local.serverLocalHost + '?modeTest=1' };","            local.browserTest(options, onError);","        };","","        // run test-server","        local.testRunServer(local);","        break;","    }","}());",""],"l":{"12":2,"14":2,"19":2,"21":2,"23":2,"24":2,"25":2,"30":1,"37":2,"40":2,"43":1,"47":1,"50":1,"52":1,"55":2,"61":2,"62":2,"64":2,"70":1,"76":1,"82":2,"83":2,"85":2,"92":1,"95":1,"102":1,"109":1,"110":1,"113":1,"120":1,"121":1,"122":1,"123":1,"124":1,"125":1,"128":1,"133":2,"134":2,"137":1,"144":2,"145":2,"148":1,"155":2,"156":2,"159":1,"166":2,"167":2,"170":1,"177":1,"178":1,"182":1,"183":1}},"/home/travis/build/npmtest/node-npmtest-websocket/lib.npmtest_websocket.js":{"path":"/home/travis/build/npmtest/node-npmtest-websocket/lib.npmtest_websocket.js","s":{"1":2,"2":2,"3":2,"4":2,"5":2,"6":2,"7":2,"8":1,"9":2,"10":2,"11":2,"12":2,"13":1,"14":1,"15":1,"16":1},"b":{"1":[2,1,1,1],"2":[1,1,1,1],"3":[1,1],"4":[2,2],"5":[1,1]},"f":{"1":2,"2":2,"3":2},"fnMap":{"1":{"name":"(anonymous_1)","line":12,"loc":{"start":{"line":12,"column":1},"end":{"line":12,"column":13}}},"2":{"name":"(anonymous_2)","line":19,"loc":{"start":{"line":19,"column":5},"end":{"line":19,"column":17}}},"3":{"name":"(anonymous_3)","line":23,"loc":{"start":{"line":23,"column":24},"end":{"line":23,"column":36}}}},"statementMap":{"1":{"start":{"line":12,"column":0},"end":{"line":53,"column":5}},"2":{"start":{"line":14,"column":4},"end":{"line":14,"column":14}},"3":{"start":{"line":19,"column":4},"end":{"line":52,"column":9}},"4":{"start":{"line":21,"column":8},"end":{"line":21,"column":19}},"5":{"start":{"line":23,"column":8},"end":{"line":35,"column":13}},"6":{"start":{"line":24,"column":12},"end":{"line":34,"column":13}},"7":{"start":{"line":25,"column":16},"end":{"line":28,"column":30}},"8":{"start":{"line":30,"column":16},"end":{"line":33,"column":27}},"9":{"start":{"line":37,"column":8},"end":{"line":39,"column":21}},"10":{"start":{"line":41,"column":8},"end":{"line":41,"column":54}},"11":{"start":{"line":43,"column":8},"end":{"line":43,"column":54}},"12":{"start":{"line":45,"column":8},"end":{"line":51,"column":9}},"13":{"start":{"line":46,"column":12},"end":{"line":46,"column":60}},"14":{"start":{"line":48,"column":12},"end":{"line":48,"column":35}},"15":{"start":{"line":49,"column":12},"end":{"line":49,"column":49}},"16":{"start":{"line":50,"column":12},"end":{"line":50,"column":43}}},"branchMap":{"1":{"line":25,"type":"binary-expr","locations":[{"start":{"line":25,"column":23},"end":{"line":25,"column":62}},{"start":{"line":26,"column":20},"end":{"line":26,"column":70}},{"start":{"line":27,"column":20},"end":{"line":27,"column":71}},{"start":{"line":28,"column":20},"end":{"line":28,"column":29}}]},"2":{"line":30,"type":"binary-expr","locations":[{"start":{"line":30,"column":23},"end":{"line":30,"column":37}},{"start":{"line":31,"column":20},"end":{"line":31,"column":61}},{"start":{"line":32,"column":20},"end":{"line":32,"column":70}},{"start":{"line":33,"column":20},"end":{"line":33,"column":26}}]},"3":{"line":37,"type":"cond-expr","locations":[{"start":{"line":38,"column":14},"end":{"line":38,"column":20}},{"start":{"line":39,"column":14},"end":{"line":39,"column":20}}]},"4":{"line":41,"type":"binary-expr","locations":[{"start":{"line":41,"column":16},"end":{"line":41,"column":44}},{"start":{"line":41,"column":48},"end":{"line":41,"column":53}}]},"5":{"line":45,"type":"if","locations":[{"start":{"line":45,"column":8},"end":{"line":45,"column":8}},{"start":{"line":45,"column":8},"end":{"line":45,"column":8}}]}},"code":["/* istanbul instrument in package npmtest_websocket */","/*jslint","    bitwise: true,","    browser: true,","    maxerr: 8,","    maxlen: 96,","    node: true,","    nomen: true,","    regexp: true,","    stupid: true","*/","(function () {","    'use strict';","    var local;","","","","    // run shared js-env code - pre-init","    (function () {","        // init local","        local = {};","        // init modeJs","        local.modeJs = (function () {","            try {","                return typeof navigator.userAgent === 'string' &&","                    typeof document.querySelector('body') === 'object' &&","                    typeof XMLHttpRequest.prototype.open === 'function' &&","                    'browser';","            } catch (errorCaughtBrowser) {","                return module.exports &&","                    typeof process.versions.node === 'string' &&","                    typeof require('http').createServer === 'function' &&","                    'node';","            }","        }());","        // init global","        local.global = local.modeJs === 'browser'","            ? window","            : global;","        // init utility2_rollup","        local = local.global.utility2_rollup || local;","        // init lib","        local.local = local.npmtest_websocket = local;","        // init exports","        if (local.modeJs === 'browser') {","            local.global.utility2_npmtest_websocket = local;","        } else {","            module.exports = local;","            module.exports.__dirname = __dirname;","            module.exports.module = module;","        }","    }());","}());",""],"l":{"12":2,"14":2,"19":2,"21":2,"23":2,"24":2,"25":2,"30":1,"37":2,"41":2,"43":2,"45":2,"46":1,"48":1,"49":1,"50":1}},"/home/travis/build/npmtest/node-npmtest-websocket/example.js":{"path":"/home/travis/build/npmtest/node-npmtest-websocket/example.js","s":{"1":2,"2":2,"3":2,"4":2,"5":2,"6":2,"7":2,"8":1,"9":2,"10":2,"11":2,"12":2,"13":1,"14":2,"15":2,"16":2,"17":2,"18":2,"19":0,"20":2,"21":1,"22":1,"23":1,"24":1,"25":1,"26":0,"27":0,"28":1,"29":1,"30":2,"31":0,"32":0,"33":0,"34":1,"35":2,"36":2,"37":2,"38":2,"39":2,"40":2,"41":0,"42":2,"43":2,"44":2,"45":1,"46":3,"47":1,"48":1,"49":1,"50":1,"51":1,"52":1,"53":1,"54":1,"55":1,"56":1,"57":0,"58":1,"59":6,"60":6,"61":1,"62":2,"63":0,"64":2,"65":1,"66":1,"67":0,"68":0,"69":0,"70":0,"71":0,"72":0,"73":0,"74":0,"75":0,"76":0,"77":0,"78":0,"79":0,"80":0,"81":0,"82":0,"83":0},"b":{"1":[2,1,1,1],"2":[1,1,1,1],"3":[1,1],"4":[2,2],"5":[1,1],"6":[1,1],"7":[2,0],"8":[2,1,1,1,1,1],"9":[0,2,0],"10":[1,1],"11":[2,1,1],"12":[1,0],"13":[0,2],"14":[2,0,0,0,0,0,0],"15":[0,2],"16":[2,0],"17":[1,1],"18":[0,1],"19":[1,2,0,2],"20":[1,0],"21":[1,1],"22":[0,0],"23":[0,0],"24":[0,0],"25":[0,0],"26":[0,0],"27":[0,0],"28":[0,0]},"f":{"1":2,"2":2,"3":2,"4":2,"5":2,"6":2,"7":2,"8":2,"9":3,"10":1,"11":6,"12":0},"fnMap":{"1":{"name":"(anonymous_1)","line":26,"loc":{"start":{"line":26,"column":1},"end":{"line":26,"column":13}}},"2":{"name":"(anonymous_2)","line":33,"loc":{"start":{"line":33,"column":5},"end":{"line":33,"column":17}}},"3":{"name":"(anonymous_3)","line":37,"loc":{"start":{"line":37,"column":24},"end":{"line":37,"column":36}}},"4":{"name":"(anonymous_4)","line":69,"loc":{"start":{"line":69,"column":31},"end":{"line":69,"column":48}},"skip":true},"5":{"name":"(anonymous_5)","line":78,"loc":{"start":{"line":78,"column":26},"end":{"line":78,"column":45}},"skip":true},"6":{"name":"(anonymous_6)","line":123,"loc":{"start":{"line":123,"column":33},"end":{"line":123,"column":48}},"skip":true},"7":{"name":"(anonymous_7)","line":125,"loc":{"start":{"line":125,"column":27},"end":{"line":125,"column":39}},"skip":true},"8":{"name":"(anonymous_8)","line":133,"loc":{"start":{"line":133,"column":59},"end":{"line":133,"column":74}},"skip":true},"9":{"name":"(anonymous_9)","line":143,"loc":{"start":{"line":143,"column":45},"end":{"line":143,"column":62}},"skip":true},"10":{"name":"(anonymous_10)","line":144,"loc":{"start":{"line":144,"column":73},"end":{"line":144,"column":92}},"skip":true},"11":{"name":"(anonymous_11)","line":272,"loc":{"start":{"line":272,"column":51},"end":{"line":272,"column":77}},"skip":true},"12":{"name":"(anonymous_12)","line":314,"loc":{"start":{"line":314,"column":32},"end":{"line":314,"column":61}},"skip":true}},"statementMap":{"1":{"start":{"line":26,"column":0},"end":{"line":325,"column":5}},"2":{"start":{"line":28,"column":4},"end":{"line":28,"column":14}},"3":{"start":{"line":33,"column":4},"end":{"line":60,"column":9}},"4":{"start":{"line":35,"column":8},"end":{"line":35,"column":19}},"5":{"start":{"line":37,"column":8},"end":{"line":49,"column":13}},"6":{"start":{"line":38,"column":12},"end":{"line":48,"column":13}},"7":{"start":{"line":39,"column":16},"end":{"line":42,"column":30}},"8":{"start":{"line":44,"column":16},"end":{"line":47,"column":27}},"9":{"start":{"line":51,"column":8},"end":{"line":53,"column":21}},"10":{"start":{"line":55,"column":8},"end":{"line":57,"column":45}},"11":{"start":{"line":59,"column":8},"end":{"line":59,"column":35}},"12":{"start":{"line":61,"column":4},"end":{"line":324,"column":5}},"13":{"start":{"line":69,"column":8},"end":{"line":121,"column":10},"skip":true},"14":{"start":{"line":70,"column":12},"end":{"line":88,"column":13},"skip":true},"15":{"start":{"line":76,"column":16},"end":{"line":87,"column":19},"skip":true},"16":{"start":{"line":79,"column":20},"end":{"line":86,"column":21},"skip":true},"17":{"start":{"line":82,"column":24},"end":{"line":82,"column":43},"skip":true},"18":{"start":{"line":83,"column":24},"end":{"line":83,"column":30},"skip":true},"19":{"start":{"line":85,"column":24},"end":{"line":85,"column":49},"skip":true},"20":{"start":{"line":89,"column":12},"end":{"line":107,"column":13},"skip":true},"21":{"start":{"line":92,"column":16},"end":{"line":102,"column":17},"skip":true},"22":{"start":{"line":93,"column":20},"end":{"line":93,"column":86},"skip":true},"23":{"start":{"line":94,"column":20},"end":{"line":95,"column":45},"skip":true},"24":{"start":{"line":96,"column":20},"end":{"line":96,"column":42},"skip":true},"25":{"start":{"line":97,"column":20},"end":{"line":97,"column":48},"skip":true},"26":{"start":{"line":100,"column":20},"end":{"line":100,"column":85},"skip":true},"27":{"start":{"line":101,"column":20},"end":{"line":101,"column":96},"skip":true},"28":{"start":{"line":103,"column":16},"end":{"line":103,"column":22},"skip":true},"29":{"start":{"line":106,"column":16},"end":{"line":106,"column":22},"skip":true},"30":{"start":{"line":108,"column":12},"end":{"line":120,"column":13},"skip":true},"31":{"start":{"line":114,"column":16},"end":{"line":119,"column":17},"skip":true},"32":{"start":{"line":116,"column":20},"end":{"line":116,"column":78},"skip":true},"33":{"start":{"line":118,"column":20},"end":{"line":118,"column":47},"skip":true},"34":{"start":{"line":123,"column":8},"end":{"line":141,"column":11},"skip":true},"35":{"start":{"line":124,"column":12},"end":{"line":124,"column":54},"skip":true},"36":{"start":{"line":125,"column":12},"end":{"line":140,"column":14},"skip":true},"37":{"start":{"line":126,"column":16},"end":{"line":126,"column":28},"skip":true},"38":{"start":{"line":127,"column":16},"end":{"line":127,"column":69},"skip":true},"39":{"start":{"line":128,"column":16},"end":{"line":128,"column":75},"skip":true},"40":{"start":{"line":129,"column":16},"end":{"line":131,"column":17},"skip":true},"41":{"start":{"line":130,"column":20},"end":{"line":130,"column":27},"skip":true},"42":{"start":{"line":133,"column":16},"end":{"line":137,"column":36},"skip":true},"43":{"start":{"line":134,"column":20},"end":{"line":136,"column":55},"skip":true},"44":{"start":{"line":139,"column":16},"end":{"line":139,"column":57},"skip":true},"45":{"start":{"line":143,"column":8},"end":{"line":147,"column":11},"skip":true},"46":{"start":{"line":144,"column":12},"end":{"line":146,"column":15},"skip":true},"47":{"start":{"line":145,"column":16},"end":{"line":145,"column":70},"skip":true},"48":{"start":{"line":149,"column":8},"end":{"line":149,"column":31},"skip":true},"49":{"start":{"line":150,"column":8},"end":{"line":150,"column":14},"skip":true},"50":{"start":{"line":158,"column":8},"end":{"line":158,"column":31},"skip":true},"51":{"start":{"line":160,"column":8},"end":{"line":160,"column":33},"skip":true},"52":{"start":{"line":161,"column":8},"end":{"line":161,"column":37},"skip":true},"53":{"start":{"line":162,"column":8},"end":{"line":162,"column":35},"skip":true},"54":{"start":{"line":164,"column":8},"end":{"line":164,"column":50},"skip":true},"55":{"start":{"line":166,"column":8},"end":{"line":256,"column":2},"skip":true},"56":{"start":{"line":258,"column":8},"end":{"line":286,"column":9},"skip":true},"57":{"start":{"line":259,"column":12},"end":{"line":269,"column":14},"skip":true},"58":{"start":{"line":271,"column":12},"end":{"line":285,"column":19},"skip":true},"59":{"start":{"line":274,"column":20},"end":{"line":274,"column":35},"skip":true},"60":{"start":{"line":275,"column":20},"end":{"line":284,"column":21},"skip":true},"61":{"start":{"line":277,"column":24},"end":{"line":277,"column":64},"skip":true},"62":{"start":{"line":279,"column":24},"end":{"line":279,"column":40},"skip":true},"63":{"start":{"line":281,"column":24},"end":{"line":281,"column":40},"skip":true},"64":{"start":{"line":283,"column":24},"end":{"line":283,"column":39},"skip":true},"65":{"start":{"line":288,"column":8},"end":{"line":290,"column":9},"skip":true},"66":{"start":{"line":289,"column":12},"end":{"line":289,"column":18},"skip":true},"67":{"start":{"line":291,"column":8},"end":{"line":293,"column":54},"skip":true},"68":{"start":{"line":294,"column":8},"end":{"line":301,"column":37},"skip":true},"69":{"start":{"line":302,"column":8},"end":{"line":302,"column":82},"skip":true},"70":{"start":{"line":305,"column":8},"end":{"line":307,"column":9},"skip":true},"71":{"start":{"line":306,"column":12},"end":{"line":306,"column":82},"skip":true},"72":{"start":{"line":309,"column":8},"end":{"line":311,"column":9},"skip":true},"73":{"start":{"line":310,"column":12},"end":{"line":310,"column":18},"skip":true},"74":{"start":{"line":312,"column":8},"end":{"line":312,"column":54},"skip":true},"75":{"start":{"line":313,"column":8},"end":{"line":313,"column":69},"skip":true},"76":{"start":{"line":314,"column":8},"end":{"line":322,"column":36},"skip":true},"77":{"start":{"line":315,"column":12},"end":{"line":315,"column":61},"skip":true},"78":{"start":{"line":316,"column":12},"end":{"line":319,"column":13},"skip":true},"79":{"start":{"line":317,"column":16},"end":{"line":317,"column":75},"skip":true},"80":{"start":{"line":318,"column":16},"end":{"line":318,"column":23},"skip":true},"81":{"start":{"line":320,"column":12},"end":{"line":320,"column":38},"skip":true},"82":{"start":{"line":321,"column":12},"end":{"line":321,"column":27},"skip":true},"83":{"start":{"line":323,"column":8},"end":{"line":323,"column":14},"skip":true}},"branchMap":{"1":{"line":39,"type":"binary-expr","locations":[{"start":{"line":39,"column":23},"end":{"line":39,"column":62}},{"start":{"line":40,"column":20},"end":{"line":40,"column":70}},{"start":{"line":41,"column":20},"end":{"line":41,"column":71}},{"start":{"line":42,"column":20},"end":{"line":42,"column":29}}]},"2":{"line":44,"type":"binary-expr","locations":[{"start":{"line":44,"column":23},"end":{"line":44,"column":37}},{"start":{"line":45,"column":20},"end":{"line":45,"column":61}},{"start":{"line":46,"column":20},"end":{"line":46,"column":70}},{"start":{"line":47,"column":20},"end":{"line":47,"column":26}}]},"3":{"line":51,"type":"cond-expr","locations":[{"start":{"line":52,"column":14},"end":{"line":52,"column":20}},{"start":{"line":53,"column":14},"end":{"line":53,"column":20}}]},"4":{"line":55,"type":"binary-expr","locations":[{"start":{"line":55,"column":16},"end":{"line":55,"column":44}},{"start":{"line":55,"column":49},"end":{"line":57,"column":43}}]},"5":{"line":55,"type":"cond-expr","locations":[{"start":{"line":56,"column":14},"end":{"line":56,"column":53}},{"start":{"line":57,"column":14},"end":{"line":57,"column":43}}]},"6":{"line":61,"type":"switch","locations":[{"start":{"line":68,"column":4},"end":{"line":150,"column":14},"skip":true},{"start":{"line":156,"column":4},"end":{"line":323,"column":14},"skip":true}]},"7":{"line":70,"type":"if","locations":[{"start":{"line":70,"column":12},"end":{"line":70,"column":12},"skip":true},{"start":{"line":70,"column":12},"end":{"line":70,"column":12},"skip":true}]},"8":{"line":70,"type":"binary-expr","locations":[{"start":{"line":70,"column":16},"end":{"line":70,"column":22},"skip":true},{"start":{"line":70,"column":27},"end":{"line":70,"column":32},"skip":true},{"start":{"line":71,"column":20},"end":{"line":71,"column":39},"skip":true},{"start":{"line":72,"column":20},"end":{"line":72,"column":49},"skip":true},{"start":{"line":73,"column":20},"end":{"line":73,"column":58},"skip":true},{"start":{"line":74,"column":20},"end":{"line":74,"column":69},"skip":true}]},"9":{"line":79,"type":"switch","locations":[{"start":{"line":80,"column":20},"end":{"line":80,"column":33},"skip":true},{"start":{"line":81,"column":20},"end":{"line":83,"column":30},"skip":true},{"start":{"line":84,"column":20},"end":{"line":85,"column":49},"skip":true}]},"10":{"line":89,"type":"switch","locations":[{"start":{"line":90,"column":12},"end":{"line":103,"column":22},"skip":true},{"start":{"line":105,"column":12},"end":{"line":106,"column":22},"skip":true}]},"11":{"line":89,"type":"binary-expr","locations":[{"start":{"line":89,"column":20},"end":{"line":89,"column":25},"skip":true},{"start":{"line":89,"column":29},"end":{"line":89,"column":48},"skip":true},{"start":{"line":89,"column":52},"end":{"line":89,"column":74},"skip":true}]},"12":{"line":92,"type":"if","locations":[{"start":{"line":92,"column":16},"end":{"line":92,"column":16},"skip":true},{"start":{"line":92,"column":16},"end":{"line":92,"column":16},"skip":true}]},"13":{"line":108,"type":"if","locations":[{"start":{"line":108,"column":12},"end":{"line":108,"column":12},"skip":true},{"start":{"line":108,"column":12},"end":{"line":108,"column":12},"skip":true}]},"14":{"line":108,"type":"binary-expr","locations":[{"start":{"line":108,"column":16},"end":{"line":108,"column":61},"skip":true},{"start":{"line":108,"column":66},"end":{"line":108,"column":72},"skip":true},{"start":{"line":108,"column":77},"end":{"line":108,"column":82},"skip":true},{"start":{"line":109,"column":20},"end":{"line":109,"column":39},"skip":true},{"start":{"line":110,"column":20},"end":{"line":110,"column":49},"skip":true},{"start":{"line":111,"column":20},"end":{"line":111,"column":58},"skip":true},{"start":{"line":112,"column":20},"end":{"line":112,"column":68},"skip":true}]},"15":{"line":129,"type":"if","locations":[{"start":{"line":129,"column":16},"end":{"line":129,"column":16},"skip":true},{"start":{"line":129,"column":16},"end":{"line":129,"column":16},"skip":true}]},"16":{"line":134,"type":"cond-expr","locations":[{"start":{"line":135,"column":26},"end":{"line":135,"column":29},"skip":true},{"start":{"line":136,"column":26},"end":{"line":136,"column":54},"skip":true}]},"17":{"line":164,"type":"binary-expr","locations":[{"start":{"line":164,"column":27},"end":{"line":164,"column":43},"skip":true},{"start":{"line":164,"column":47},"end":{"line":164,"column":49},"skip":true}]},"18":{"line":258,"type":"if","locations":[{"start":{"line":258,"column":8},"end":{"line":258,"column":8},"skip":true},{"start":{"line":258,"column":8},"end":{"line":258,"column":8},"skip":true}]},"19":{"line":275,"type":"switch","locations":[{"start":{"line":276,"column":20},"end":{"line":277,"column":64},"skip":true},{"start":{"line":278,"column":20},"end":{"line":279,"column":40},"skip":true},{"start":{"line":280,"column":20},"end":{"line":281,"column":40},"skip":true},{"start":{"line":282,"column":20},"end":{"line":283,"column":39},"skip":true}]},"20":{"line":288,"type":"if","locations":[{"start":{"line":288,"column":8},"end":{"line":288,"column":8},"skip":true},{"start":{"line":288,"column":8},"end":{"line":288,"column":8},"skip":true}]},"21":{"line":288,"type":"binary-expr","locations":[{"start":{"line":288,"column":12},"end":{"line":288,"column":40},"skip":true},{"start":{"line":288,"column":44},"end":{"line":288,"column":67},"skip":true}]},"22":{"line":292,"type":"binary-expr","locations":[{"start":{"line":292,"column":12},"end":{"line":292,"column":50},"skip":true},{"start":{"line":293,"column":12},"end":{"line":293,"column":53},"skip":true}]},"23":{"line":295,"type":"binary-expr","locations":[{"start":{"line":295,"column":12},"end":{"line":295,"column":67},"skip":true},{"start":{"line":296,"column":12},"end":{"line":301,"column":36},"skip":true}]},"24":{"line":302,"type":"binary-expr","locations":[{"start":{"line":302,"column":43},"end":{"line":302,"column":75},"skip":true},{"start":{"line":302,"column":79},"end":{"line":302,"column":81},"skip":true}]},"25":{"line":305,"type":"if","locations":[{"start":{"line":305,"column":8},"end":{"line":305,"column":8},"skip":true},{"start":{"line":305,"column":8},"end":{"line":305,"column":8},"skip":true}]},"26":{"line":309,"type":"if","locations":[{"start":{"line":309,"column":8},"end":{"line":309,"column":8},"skip":true},{"start":{"line":309,"column":8},"end":{"line":309,"column":8},"skip":true}]},"27":{"line":312,"type":"binary-expr","locations":[{"start":{"line":312,"column":27},"end":{"line":312,"column":43},"skip":true},{"start":{"line":312,"column":47},"end":{"line":312,"column":53},"skip":true}]},"28":{"line":316,"type":"if","locations":[{"start":{"line":316,"column":12},"end":{"line":316,"column":12},"skip":true},{"start":{"line":316,"column":12},"end":{"line":316,"column":12},"skip":true}]}},"code":["/*","example.js","","quickstart example","","instruction","    1. save this script as example.js","    2. run the shell command:","        $ npm install npmtest-websocket && PORT=8081 node example.js","    3. play with the browser-demo on http://127.0.0.1:8081","*/","","","","/* istanbul instrument in package npmtest_websocket */","/*jslint","    bitwise: true,","    browser: true,","    maxerr: 8,","    maxlen: 96,","    node: true,","    nomen: true,","    regexp: true,","    stupid: true","*/","(function () {","    'use strict';","    var local;","","","","    // run shared js-env code - pre-init","    (function () {","        // init local","        local = {};","        // init modeJs","        local.modeJs = (function () {","            try {","                return typeof navigator.userAgent === 'string' &&","                    typeof document.querySelector('body') === 'object' &&","                    typeof XMLHttpRequest.prototype.open === 'function' &&","                    'browser';","            } catch (errorCaughtBrowser) {","                return module.exports &&","                    typeof process.versions.node === 'string' &&","                    typeof require('http').createServer === 'function' &&","                    'node';","            }","        }());","        // init global","        local.global = local.modeJs === 'browser'","            ? window","            : global;","        // init utility2_rollup","        local = local.global.utility2_rollup || (local.modeJs === 'browser'","            ? local.global.utility2_npmtest_websocket","            : global.utility2_moduleExports);","        // export local","        local.global.local = local;","    }());","    switch (local.modeJs) {","","","","    // post-init","    // run browser js-env code - post-init","    /* istanbul ignore next */","    case 'browser':","        local.testRunBrowser = function (event) {","            if (!event || (event &&","                    event.currentTarget &&","                    event.currentTarget.className &&","                    event.currentTarget.className.includes &&","                    event.currentTarget.className.includes('onreset'))) {","                // reset output","                Array.from(","                    document.querySelectorAll('body > .resettable')","                ).forEach(function (element) {","                    switch (element.tagName) {","                    case 'INPUT':","                    case 'TEXTAREA':","                        element.value = '';","                        break;","                    default:","                        element.textContent = '';","                    }","                });","            }","            switch (event && event.currentTarget && event.currentTarget.id) {","            case 'testRunButton1':","                // show tests","                if (document.querySelector('#testReportDiv1').style.display === 'none') {","                    document.querySelector('#testReportDiv1').style.display = 'block';","                    document.querySelector('#testRunButton1').textContent =","                        'hide internal test';","                    local.modeTest = true;","                    local.testRunDefault(local);","                // hide tests","                } else {","                    document.querySelector('#testReportDiv1').style.display = 'none';","                    document.querySelector('#testRunButton1').textContent = 'run internal test';","                }","                break;","            // custom-case","            default:","                break;","            }","            if (document.querySelector('#inputTextareaEval1') && (!event || (event &&","                    event.currentTarget &&","                    event.currentTarget.className &&","                    event.currentTarget.className.includes &&","                    event.currentTarget.className.includes('oneval')))) {","                // try to eval input-code","                try {","                    /*jslint evil: true*/","                    eval(document.querySelector('#inputTextareaEval1').value);","                } catch (errorCaught) {","                    console.error(errorCaught);","                }","            }","        };","        // log stderr and stdout to #outputTextareaStdout1","        ['error', 'log'].forEach(function (key) {","            console[key + '_original'] = console[key];","            console[key] = function () {","                var element;","                console[key + '_original'].apply(console, arguments);","                element = document.querySelector('#outputTextareaStdout1');","                if (!element) {","                    return;","                }","                // append text to #outputTextareaStdout1","                element.value += Array.from(arguments).map(function (arg) {","                    return typeof arg === 'string'","                        ? arg","                        : JSON.stringify(arg, null, 4);","                }).join(' ') + '\\n';","                // scroll textarea to bottom","                element.scrollTop = element.scrollHeight;","            };","        });","        // init event-handling","        ['change', 'click', 'keyup'].forEach(function (event) {","            Array.from(document.querySelectorAll('.on' + event)).forEach(function (element) {","                element.addEventListener(event, local.testRunBrowser);","            });","        });","        // run tests","        local.testRunBrowser();","        break;","","","","    // run node js-env code - post-init","    /* istanbul ignore next */","    case 'node':","        // export local","        module.exports = local;","        // require modules","        local.fs = require('fs');","        local.http = require('http');","        local.url = require('url');","        // init assets","        local.assetsDict = local.assetsDict || {};","        /* jslint-ignore-begin */","        local.assetsDict['/assets.index.template.html'] = '\\","<!doctype html>\\n\\","<html lang=\"en\">\\n\\","<head>\\n\\","<meta charset=\"UTF-8\">\\n\\","<meta name=\"viewport\" content=\"width=device-width, initial-scale=1\">\\n\\","<title>{{env.npm_package_name}} (v{{env.npm_package_version}})</title>\\n\\","<style>\\n\\","/*csslint\\n\\","    box-sizing: false,\\n\\","    universal-selector: false\\n\\","*/\\n\\","* {\\n\\","    box-sizing: border-box;\\n\\","}\\n\\","body {\\n\\","    background: #dde;\\n\\","    font-family: Arial, Helvetica, sans-serif;\\n\\","    margin: 2rem;\\n\\","}\\n\\","body > * {\\n\\","    margin-bottom: 1rem;\\n\\","}\\n\\",".utility2FooterDiv {\\n\\","    margin-top: 20px;\\n\\","    text-align: center;\\n\\","}\\n\\","</style>\\n\\","<style>\\n\\","/*csslint\\n\\","*/\\n\\","textarea {\\n\\","    font-family: monospace;\\n\\","    height: 10rem;\\n\\","    width: 100%;\\n\\","}\\n\\","textarea[readonly] {\\n\\","    background: #ddd;\\n\\","}\\n\\","</style>\\n\\","</head>\\n\\","<body>\\n\\","<!-- utility2-comment\\n\\","<div id=\"ajaxProgressDiv1\" style=\"background: #d00; height: 2px; left: 0; margin: 0; padding: 0; position: fixed; top: 0; transition: background 0.5s, width 1.5s; width: 25%;\"></div>\\n\\","utility2-comment -->\\n\\","<h1>\\n\\","<!-- utility2-comment\\n\\","    <a\\n\\","        {{#if env.npm_package_homepage}}\\n\\","        href=\"{{env.npm_package_homepage}}\"\\n\\","        {{/if env.npm_package_homepage}}\\n\\","        target=\"_blank\"\\n\\","    >\\n\\","utility2-comment -->\\n\\","        {{env.npm_package_name}} (v{{env.npm_package_version}})\\n\\","<!-- utility2-comment\\n\\","    </a>\\n\\","utility2-comment -->\\n\\","</h1>\\n\\","<h3>{{env.npm_package_description}}</h3>\\n\\","<!-- utility2-comment\\n\\","<h4><a download href=\"assets.app.js\">download standalone app</a></h4>\\n\\","<button class=\"onclick onreset\" id=\"testRunButton1\">run internal test</button><br>\\n\\","<div id=\"testReportDiv1\" style=\"display: none;\"></div>\\n\\","utility2-comment -->\\n\\","\\n\\","\\n\\","\\n\\","<label>stderr and stdout</label>\\n\\","<textarea class=\"resettable\" id=\"outputTextareaStdout1\" readonly></textarea>\\n\\","<!-- utility2-comment\\n\\","{{#if isRollup}}\\n\\","<script src=\"assets.app.js\"></script>\\n\\","{{#unless isRollup}}\\n\\","utility2-comment -->\\n\\","<script src=\"assets.utility2.rollup.js\"></script>\\n\\","<script src=\"jsonp.utility2._stateInit?callback=window.utility2._stateInit\"></script>\\n\\","<script src=\"assets.npmtest_websocket.rollup.js\"></script>\\n\\","<script src=\"assets.example.js\"></script>\\n\\","<script src=\"assets.test.js\"></script>\\n\\","<!-- utility2-comment\\n\\","{{/if isRollup}}\\n\\","utility2-comment -->\\n\\","<div class=\"utility2FooterDiv\">\\n\\","    [ this app was created with\\n\\","    <a href=\"https://github.com/kaizhu256/node-utility2\" target=\"_blank\">utility2</a>\\n\\","    ]\\n\\","</div>\\n\\","</body>\\n\\","</html>\\n\\","';","        /* jslint-ignore-end */","        if (local.templateRender) {","            local.assetsDict['/'] = local.templateRender(","                local.assetsDict['/assets.index.template.html'],","                {","                    env: local.objectSetDefault(local.env, {","                        npm_package_description: 'the greatest app in the world!',","                        npm_package_name: 'my-app',","                        npm_package_nameAlias: 'my_app',","                        npm_package_version: '0.0.1'","                    })","                }","            );","        } else {","            local.assetsDict['/'] = local.assetsDict['/assets.index.template.html']","                .replace((/\\{\\{env\\.(\\w+?)\\}\\}/g), function (match0, match1) {","                    // jslint-hack","                    String(match0);","                    switch (match1) {","                    case 'npm_package_description':","                        return 'the greatest app in the world!';","                    case 'npm_package_name':","                        return 'my-app';","                    case 'npm_package_nameAlias':","                        return 'my_app';","                    case 'npm_package_version':","                        return '0.0.1';","                    }","                });","        }","        // run the cli","        if (local.global.utility2_rollup || module !== require.main) {","            break;","        }","        local.assetsDict['/assets.example.js'] =","            local.assetsDict['/assets.example.js'] ||","            local.fs.readFileSync(__filename, 'utf8');","        local.assetsDict['/assets.npmtest_websocket.rollup.js'] =","            local.assetsDict['/assets.npmtest_websocket.rollup.js'] ||","            local.fs.readFileSync(","                // buildCustomOrg-hack","                local.npmtest_websocket.__dirname +","                    '/lib.npmtest_websocket.js',","                'utf8'","            ).replace((/^#!/), '//');","        local.assetsDict['/favicon.ico'] = local.assetsDict['/favicon.ico'] || '';","        // if $npm_config_timeout_exit exists,","        // then exit this process after $npm_config_timeout_exit ms","        if (Number(process.env.npm_config_timeout_exit)) {","            setTimeout(process.exit, Number(process.env.npm_config_timeout_exit));","        }","        // start server","        if (local.global.utility2_serverHttp1) {","            break;","        }","        process.env.PORT = process.env.PORT || '8081';","        console.error('server starting on port ' + process.env.PORT);","        local.http.createServer(function (request, response) {","            request.urlParsed = local.url.parse(request.url);","            if (local.assetsDict[request.urlParsed.pathname] !== undefined) {","                response.end(local.assetsDict[request.urlParsed.pathname]);","                return;","            }","            response.statusCode = 404;","            response.end();","        }).listen(process.env.PORT);","        break;","    }","}());",""],"l":{"26":2,"28":2,"33":2,"35":2,"37":2,"38":2,"39":2,"44":1,"51":2,"55":2,"59":2,"61":2,"69":1,"70":2,"76":2,"79":2,"82":2,"83":2,"85":1,"89":2,"92":1,"93":1,"94":1,"96":1,"97":1,"100":1,"101":1,"103":1,"106":1,"108":2,"114":1,"116":1,"118":1,"123":1,"124":2,"125":2,"126":2,"127":2,"128":2,"129":2,"130":1,"133":2,"134":2,"139":2,"143":1,"144":3,"145":1,"149":1,"150":1,"158":1,"160":1,"161":1,"162":1,"164":1,"166":1,"258":1,"259":1,"271":1,"274":6,"275":6,"277":1,"279":2,"281":1,"283":2,"288":1,"289":1,"291":1,"294":1,"302":1,"305":1,"306":1,"309":1,"310":1,"312":1,"313":1,"314":1,"315":1,"316":1,"317":1,"318":1,"320":1,"321":1,"323":1}},"/home/travis/build/npmtest/node-npmtest-websocket/node_modules/websocket/index.js":{"path":"/home/travis/build/npmtest/node-npmtest-websocket/node_modules/websocket/index.js","s":{"1":1},"b":{},"f":{},"fnMap":{},"statementMap":{"1":{"start":{"line":1,"column":0},"end":{"line":1,"column":44}}},"branchMap":{},"code":["module.exports = require('./lib/websocket');"],"l":{"1":1}},"/home/travis/build/npmtest/node-npmtest-websocket/node_modules/websocket/lib/websocket.js":{"path":"/home/travis/build/npmtest/node-npmtest-websocket/node_modules/websocket/lib/websocket.js","s":{"1":1},"b":{},"f":{},"fnMap":{},"statementMap":{"1":{"start":{"line":1,"column":0},"end":{"line":11,"column":2}}},"branchMap":{},"code":["module.exports = {","    'server'       : require('./WebSocketServer'),","    'client'       : require('./WebSocketClient'),","    'router'       : require('./WebSocketRouter'),","    'frame'        : require('./WebSocketFrame'),","    'request'      : require('./WebSocketRequest'),","    'connection'   : require('./WebSocketConnection'),","    'w3cwebsocket' : require('./W3CWebSocket'),","    'deprecation'  : require('./Deprecation'),","    'version'      : require('./version')","};",""],"l":{"1":1}},"/home/travis/build/npmtest/node-npmtest-websocket/node_modules/websocket/lib/WebSocketServer.js":{"path":"/home/travis/build/npmtest/node-npmtest-websocket/node_modules/websocket/lib/WebSocketServer.js","s":{"1":1,"2":1,"3":1,"4":1,"5":1,"6":1,"7":1,"8":0,"9":0,"10":0,"11":0,"12":0,"13":0,"14":1,"15":1,"16":0,"17":0,"18":0,"19":0,"20":0,"21":0,"22":0,"23":0,"24":0,"25":1,"26":0,"27":0,"28":0,"29":1,"30":0,"31":0,"32":0,"33":0,"34":0,"35":1,"36":0,"37":0,"38":0,"39":0,"40":1,"41":0,"42":0,"43":1,"44":0,"45":0,"46":1,"47":0,"48":0,"49":1,"50":0,"51":0,"52":0,"53":0,"54":0,"55":0,"56":0,"57":0,"58":0,"59":0,"60":0,"61":0,"62":0,"63":0,"64":1,"65":0,"66":0,"67":0,"68":0,"69":0,"70":1,"71":0,"72":0,"73":0,"74":0,"75":1,"76":0,"77":0,"78":0,"79":1},"b":{"1":[0,0],"2":[0,0],"3":[0,0],"4":[0,0],"5":[0,0],"6":[0,0],"7":[0,0],"8":[0,0],"9":[0,0],"10":[0,0],"11":[0,0]},"f":{"1":0,"2":0,"3":0,"4":0,"5":0,"6":0,"7":0,"8":0,"9":0,"10":0,"11":0,"12":0,"13":0,"14":0,"15":0,"16":0,"17":0,"18":0,"19":0,"20":0},"fnMap":{"1":{"name":"WebSocketServer","line":24,"loc":{"start":{"line":24,"column":22},"end":{"line":24,"column":55}}},"2":{"name":"(anonymous_2)","line":42,"loc":{"start":{"line":42,"column":34},"end":{"line":42,"column":51}}},"3":{"name":"(anonymous_3)","line":139,"loc":{"start":{"line":139,"column":39},"end":{"line":139,"column":60}}},"4":{"name":"(anonymous_4)","line":148,"loc":{"start":{"line":148,"column":36},"end":{"line":148,"column":47}}},"5":{"name":"(anonymous_5)","line":150,"loc":{"start":{"line":150,"column":35},"end":{"line":150,"column":56}}},"6":{"name":"(anonymous_6)","line":155,"loc":{"start":{"line":155,"column":48},"end":{"line":155,"column":59}}},"7":{"name":"(anonymous_7)","line":156,"loc":{"start":{"line":156,"column":29},"end":{"line":156,"column":50}}},"8":{"name":"(anonymous_8)","line":159,"loc":{"start":{"line":159,"column":33},"end":{"line":159,"column":51}}},"9":{"name":"(anonymous_9)","line":160,"loc":{"start":{"line":160,"column":25},"end":{"line":160,"column":36}}},"10":{"name":"(anonymous_10)","line":166,"loc":{"start":{"line":166,"column":38},"end":{"line":166,"column":53}}},"11":{"name":"(anonymous_11)","line":175,"loc":{"start":{"line":175,"column":41},"end":{"line":175,"column":59}}},"12":{"name":"(anonymous_12)","line":176,"loc":{"start":{"line":176,"column":29},"end":{"line":176,"column":50}}},"13":{"name":"(anonymous_13)","line":181,"loc":{"start":{"line":181,"column":43},"end":{"line":181,"column":64}}},"14":{"name":"(anonymous_14)","line":182,"loc":{"start":{"line":182,"column":29},"end":{"line":182,"column":50}}},"15":{"name":"(anonymous_15)","line":187,"loc":{"start":{"line":187,"column":37},"end":{"line":187,"column":48}}},"16":{"name":"(anonymous_16)","line":192,"loc":{"start":{"line":192,"column":42},"end":{"line":192,"column":68}}},"17":{"name":"(anonymous_17)","line":223,"loc":{"start":{"line":223,"column":50},"end":{"line":223,"column":71}}},"18":{"name":"(anonymous_18)","line":225,"loc":{"start":{"line":225,"column":29},"end":{"line":225,"column":64}}},"19":{"name":"(anonymous_19)","line":232,"loc":{"start":{"line":232,"column":50},"end":{"line":232,"column":97}}},"20":{"name":"(anonymous_20)","line":240,"loc":{"start":{"line":240,"column":50},"end":{"line":240,"column":68}}}},"statementMap":{"1":{"start":{"line":17,"column":0},"end":{"line":17,"column":39}},"2":{"start":{"line":18,"column":0},"end":{"line":18,"column":31}},"3":{"start":{"line":19,"column":0},"end":{"line":19,"column":27}},"4":{"start":{"line":20,"column":0},"end":{"line":20,"column":49}},"5":{"start":{"line":21,"column":0},"end":{"line":21,"column":50}},"6":{"start":{"line":22,"column":0},"end":{"line":22,"column":53}},"7":{"start":{"line":24,"column":0},"end":{"line":38,"column":2}},"8":{"start":{"line":26,"column":4},"end":{"line":26,"column":28}},"9":{"start":{"line":28,"column":4},"end":{"line":32,"column":6}},"10":{"start":{"line":33,"column":4},"end":{"line":33,"column":26}},"11":{"start":{"line":34,"column":4},"end":{"line":34,"column":30}},"12":{"start":{"line":35,"column":4},"end":{"line":37,"column":5}},"13":{"start":{"line":36,"column":8},"end":{"line":36,"column":27}},"14":{"start":{"line":40,"column":0},"end":{"line":40,"column":45}},"15":{"start":{"line":42,"column":0},"end":{"line":146,"column":2}},"16":{"start":{"line":43,"column":4},"end":{"line":131,"column":6}},"17":{"start":{"line":132,"column":4},"end":{"line":132,"column":32}},"18":{"start":{"line":134,"column":4},"end":{"line":145,"column":5}},"19":{"start":{"line":135,"column":8},"end":{"line":137,"column":9}},"20":{"start":{"line":136,"column":12},"end":{"line":136,"column":62}},"21":{"start":{"line":138,"column":8},"end":{"line":138,"column":52}},"22":{"start":{"line":139,"column":8},"end":{"line":141,"column":11}},"23":{"start":{"line":140,"column":12},"end":{"line":140,"column":53}},"24":{"start":{"line":144,"column":8},"end":{"line":144,"column":98}},"25":{"start":{"line":148,"column":0},"end":{"line":153,"column":2}},"26":{"start":{"line":149,"column":4},"end":{"line":149,"column":48}},"27":{"start":{"line":150,"column":4},"end":{"line":152,"column":7}},"28":{"start":{"line":151,"column":8},"end":{"line":151,"column":61}},"29":{"start":{"line":155,"column":0},"end":{"line":164,"column":2}},"30":{"start":{"line":156,"column":4},"end":{"line":158,"column":7}},"31":{"start":{"line":157,"column":8},"end":{"line":157,"column":27}},"32":{"start":{"line":159,"column":4},"end":{"line":163,"column":7}},"33":{"start":{"line":160,"column":8},"end":{"line":162,"column":11}},"34":{"start":{"line":161,"column":10},"end":{"line":161,"column":30}},"35":{"start":{"line":166,"column":0},"end":{"line":173,"column":2}},"36":{"start":{"line":167,"column":4},"end":{"line":172,"column":5}},"37":{"start":{"line":168,"column":8},"end":{"line":168,"column":34}},"38":{"start":{"line":170,"column":9},"end":{"line":172,"column":5}},"39":{"start":{"line":171,"column":8},"end":{"line":171,"column":32}},"40":{"start":{"line":175,"column":0},"end":{"line":179,"column":2}},"41":{"start":{"line":176,"column":4},"end":{"line":178,"column":7}},"42":{"start":{"line":177,"column":8},"end":{"line":177,"column":36}},"43":{"start":{"line":181,"column":0},"end":{"line":185,"column":2}},"44":{"start":{"line":182,"column":4},"end":{"line":184,"column":7}},"45":{"start":{"line":183,"column":8},"end":{"line":183,"column":41}},"46":{"start":{"line":187,"column":0},"end":{"line":190,"column":2}},"47":{"start":{"line":188,"column":4},"end":{"line":188,"column":19}},"48":{"start":{"line":189,"column":4},"end":{"line":189,"column":31}},"49":{"start":{"line":192,"column":0},"end":{"line":221,"column":2}},"50":{"start":{"line":193,"column":4},"end":{"line":193,"column":71}},"51":{"start":{"line":194,"column":4},"end":{"line":205,"column":5}},"52":{"start":{"line":195,"column":8},"end":{"line":195,"column":34}},"53":{"start":{"line":198,"column":8},"end":{"line":202,"column":10}},"54":{"start":{"line":203,"column":8},"end":{"line":203,"column":50}},"55":{"start":{"line":204,"column":8},"end":{"line":204,"column":15}},"56":{"start":{"line":207,"column":4},"end":{"line":207,"column":41}},"57":{"start":{"line":209,"column":4},"end":{"line":209,"column":70}},"58":{"start":{"line":210,"column":4},"end":{"line":210,"column":70}},"59":{"start":{"line":212,"column":4},"end":{"line":220,"column":5}},"60":{"start":{"line":213,"column":8},"end":{"line":213,"column":40}},"61":{"start":{"line":215,"column":9},"end":{"line":220,"column":5}},"62":{"start":{"line":216,"column":8},"end":{"line":216,"column":76}},"63":{"start":{"line":219,"column":8},"end":{"line":219,"column":84}},"64":{"start":{"line":223,"column":0},"end":{"line":230,"column":2}},"65":{"start":{"line":224,"column":4},"end":{"line":224,"column":20}},"66":{"start":{"line":225,"column":4},"end":{"line":227,"column":7}},"67":{"start":{"line":226,"column":8},"end":{"line":226,"column":73}},"68":{"start":{"line":228,"column":4},"end":{"line":228,"column":38}},"69":{"start":{"line":229,"column":4},"end":{"line":229,"column":37}},"70":{"start":{"line":232,"column":0},"end":{"line":238,"column":2}},"71":{"start":{"line":233,"column":4},"end":{"line":233,"column":53}},"72":{"start":{"line":234,"column":4},"end":{"line":236,"column":5}},"73":{"start":{"line":235,"column":8},"end":{"line":235,"column":42}},"74":{"start":{"line":237,"column":4},"end":{"line":237,"column":61}},"75":{"start":{"line":240,"column":0},"end":{"line":243,"column":2}},"76":{"start":{"line":241,"column":4},"end":{"line":241,"column":54}},"77":{"start":{"line":242,"column":4},"end":{"line":242,"column":64}},"78":{"start":{"line":242,"column":24},"end":{"line":242,"column":62}},"79":{"start":{"line":245,"column":0},"end":{"line":245,"column":33}}},"branchMap":{"1":{"line":35,"type":"if","locations":[{"start":{"line":35,"column":4},"end":{"line":35,"column":4}},{"start":{"line":35,"column":4},"end":{"line":35,"column":4}}]},"2":{"line":134,"type":"if","locations":[{"start":{"line":134,"column":4},"end":{"line":134,"column":4}},{"start":{"line":134,"column":4},"end":{"line":134,"column":4}}]},"3":{"line":135,"type":"if","locations":[{"start":{"line":135,"column":8},"end":{"line":135,"column":8}},{"start":{"line":135,"column":8},"end":{"line":135,"column":8}}]},"4":{"line":167,"type":"if","locations":[{"start":{"line":167,"column":4},"end":{"line":167,"column":4}},{"start":{"line":167,"column":4},"end":{"line":167,"column":4}}]},"5":{"line":170,"type":"if","locations":[{"start":{"line":170,"column":9},"end":{"line":170,"column":9}},{"start":{"line":170,"column":9},"end":{"line":170,"column":9}}]},"6":{"line":199,"type":"cond-expr","locations":[{"start":{"line":199,"column":25},"end":{"line":199,"column":35}},{"start":{"line":199,"column":38},"end":{"line":199,"column":41}}]},"7":{"line":212,"type":"if","locations":[{"start":{"line":212,"column":4},"end":{"line":212,"column":4}},{"start":{"line":212,"column":4},"end":{"line":212,"column":4}}]},"8":{"line":212,"type":"binary-expr","locations":[{"start":{"line":212,"column":8},"end":{"line":212,"column":42}},{"start":{"line":212,"column":46},"end":{"line":212,"column":98}}]},"9":{"line":215,"type":"if","locations":[{"start":{"line":215,"column":9},"end":{"line":215,"column":9}},{"start":{"line":215,"column":9},"end":{"line":215,"column":9}}]},"10":{"line":234,"type":"if","locations":[{"start":{"line":234,"column":4},"end":{"line":234,"column":4}},{"start":{"line":234,"column":4},"end":{"line":234,"column":4}}]},"11":{"line":242,"type":"if","locations":[{"start":{"line":242,"column":4},"end":{"line":242,"column":4}},{"start":{"line":242,"column":4},"end":{"line":242,"column":4}}]}},"code":["/************************************************************************"," *  Copyright 2010-2015 Brian McKelvey."," *"," *  Licensed under the Apache License, Version 2.0 (the \"License\");"," *  you may not use this file except in compliance with the License."," *  You may obtain a copy of the License at"," *"," *      http://www.apache.org/licenses/LICENSE-2.0"," *"," *  Unless required by applicable law or agreed to in writing, software"," *  distributed under the License is distributed on an \"AS IS\" BASIS,"," *  WITHOUT WARRANTIES OR CONDITIONS OF ANY KIND, either express or implied."," *  See the License for the specific language governing permissions and"," *  limitations under the License."," ***********************************************************************/","","var extend = require('./utils').extend;","var utils = require('./utils');","var util = require('util');","var debug = require('debug')('websocket:server');","var EventEmitter = require('events').EventEmitter;","var WebSocketRequest = require('./WebSocketRequest');","","var WebSocketServer = function WebSocketServer(config) {","    // Superclass Constructor","    EventEmitter.call(this);","","    this._handlers = {","        upgrade: this.handleUpgrade.bind(this),","        requestAccepted: this.handleRequestAccepted.bind(this),","        requestResolved: this.handleRequestResolved.bind(this)","    };","    this.connections = [];","    this.pendingRequests = [];","    if (config) {","        this.mount(config);","    }","};","","util.inherits(WebSocketServer, EventEmitter);","","WebSocketServer.prototype.mount = function(config) {","    this.config = {","        // The http server instance to attach to.  Required.","        httpServer: null,","","        // 64KiB max frame size.","        maxReceivedFrameSize: 0x10000,","","        // 1MiB max message size, only applicable if","        // assembleFragments is true","        maxReceivedMessageSize: 0x100000,","","        // Outgoing messages larger than fragmentationThreshold will be","        // split into multiple fragments.","        fragmentOutgoingMessages: true,","","        // Outgoing frames are fragmented if they exceed this threshold.","        // Default is 16KiB","        fragmentationThreshold: 0x4000,","","        // If true, the server will automatically send a ping to all","        // clients every 'keepaliveInterval' milliseconds.  The timer is","        // reset on any received data from the client.","        keepalive: true,","","        // The interval to send keepalive pings to connected clients if the","        // connection is idle.  Any received data will reset the counter.","        keepaliveInterval: 20000,","","        // If true, the server will consider any connection that has not","        // received any data within the amount of time specified by","        // 'keepaliveGracePeriod' after a keepalive ping has been sent to","        // be dead, and will drop the connection.","        // Ignored if keepalive is false.","        dropConnectionOnKeepaliveTimeout: true,","","        // The amount of time to wait after sending a keepalive ping before","        // closing the connection if the connected peer does not respond.","        // Ignored if keepalive is false.","        keepaliveGracePeriod: 10000,","","        // Whether to use native TCP keep-alive instead of WebSockets ping","        // and pong packets.  Native TCP keep-alive sends smaller packets","        // on the wire and so uses bandwidth more efficiently.  This may","        // be more important when talking to mobile devices.","        // If this value is set to true, then these values will be ignored:","        //   keepaliveGracePeriod","        //   dropConnectionOnKeepaliveTimeout","        useNativeKeepalive: false,","","        // If true, fragmented messages will be automatically assembled","        // and the full message will be emitted via a 'message' event.","        // If false, each frame will be emitted via a 'frame' event and","        // the application will be responsible for aggregating multiple","        // fragmented frames.  Single-frame messages will emit a 'message'","        // event in addition to the 'frame' event.","        // Most users will want to leave this set to 'true'","        assembleFragments: true,","","        // If this is true, websocket connections will be accepted","        // regardless of the path and protocol specified by the client.","        // The protocol accepted will be the first that was requested","        // by the client.  Clients from any origin will be accepted.","        // This should only be used in the simplest of cases.  You should","        // probably leave this set to 'false' and inspect the request","        // object to make sure it's acceptable before accepting it.","        autoAcceptConnections: false,","","        // Whether or not the X-Forwarded-For header should be respected.","        // It's important to set this to 'true' when accepting connections","        // from untrusted clients, as a malicious client could spoof its","        // IP address by simply setting this header.  It's meant to be added","        // by a trusted proxy or other intermediary within your own","        // infrastructure.","        // See:  http://en.wikipedia.org/wiki/X-Forwarded-For","        ignoreXForwardedFor: false,","","        // The Nagle Algorithm makes more efficient use of network resources","        // by introducing a small delay before sending small packets so that","        // multiple messages can be batched together before going onto the","        // wire.  This however comes at the cost of latency, so the default","        // is to disable it.  If you don't need low latency and are streaming","        // lots of small messages, you can change this to 'false'","        disableNagleAlgorithm: true,","","        // The number of milliseconds to wait after sending a close frame","        // for an acknowledgement to come back before giving up and just","        // closing the socket.","        closeTimeout: 5000","    };","    extend(this.config, config);","","    if (this.config.httpServer) {","        if (!Array.isArray(this.config.httpServer)) {","            this.config.httpServer = [this.config.httpServer];","        }","        var upgradeHandler = this._handlers.upgrade;","        this.config.httpServer.forEach(function(httpServer) {","            httpServer.on('upgrade', upgradeHandler);","        });","    }","    else {","        throw new Error('You must specify an httpServer on which to mount the WebSocket server.');","    }","};","","WebSocketServer.prototype.unmount = function() {","    var upgradeHandler = this._handlers.upgrade;","    this.config.httpServer.forEach(function(httpServer) {","        httpServer.removeListener('upgrade', upgradeHandler);","    });","};","","WebSocketServer.prototype.closeAllConnections = function() {","    this.connections.forEach(function(connection) {","        connection.close();","    });","    this.pendingRequests.forEach(function(request) {","        process.nextTick(function() {","          request.reject(503); // HTTP 503 Service Unavailable","        });","    });","};","","WebSocketServer.prototype.broadcast = function(data) {","    if (Buffer.isBuffer(data)) {","        this.broadcastBytes(data);","    }","    else if (typeof(data.toString) === 'function') {","        this.broadcastUTF(data);","    }","};","","WebSocketServer.prototype.broadcastUTF = function(utfData) {","    this.connections.forEach(function(connection) {","        connection.sendUTF(utfData);","    });","};","","WebSocketServer.prototype.broadcastBytes = function(binaryData) {","    this.connections.forEach(function(connection) {","        connection.sendBytes(binaryData);","    });","};","","WebSocketServer.prototype.shutDown = function() {","    this.unmount();","    this.closeAllConnections();","};","","WebSocketServer.prototype.handleUpgrade = function(request, socket) {","    var wsRequest = new WebSocketRequest(socket, request, this.config);","    try {","        wsRequest.readHandshake();","    }","    catch(e) {","        wsRequest.reject(","            e.httpCode ? e.httpCode : 400,","            e.message,","            e.headers","        );","        debug('Invalid handshake: %s', e.message);","        return;","    }","    ","    this.pendingRequests.push(wsRequest);","","    wsRequest.once('requestAccepted', this._handlers.requestAccepted);","    wsRequest.once('requestResolved', this._handlers.requestResolved);","","    if (!this.config.autoAcceptConnections && utils.eventEmitterListenerCount(this, 'request') > 0) {","        this.emit('request', wsRequest);","    }","    else if (this.config.autoAcceptConnections) {","        wsRequest.accept(wsRequest.requestedProtocols[0], wsRequest.origin);","    }","    else {","        wsRequest.reject(404, 'No handler is configured to accept the connection.');","    }","};","","WebSocketServer.prototype.handleRequestAccepted = function(connection) {","    var self = this;","    connection.once('close', function(closeReason, description) {","        self.handleConnectionClose(connection, closeReason, description);","    });","    this.connections.push(connection);","    this.emit('connect', connection);","};","","WebSocketServer.prototype.handleConnectionClose = function(connection, closeReason, description) {","    var index = this.connections.indexOf(connection);","    if (index !== -1) {","        this.connections.splice(index, 1);","    }","    this.emit('close', connection, closeReason, description);","};","","WebSocketServer.prototype.handleRequestResolved = function(request) {","    var index = this.pendingRequests.indexOf(request);","    if (index !== -1) { this.pendingRequests.splice(index, 1); }","};","","module.exports = WebSocketServer;",""],"l":{"17":1,"18":1,"19":1,"20":1,"21":1,"22":1,"24":1,"26":0,"28":0,"33":0,"34":0,"35":0,"36":0,"40":1,"42":1,"43":0,"132":0,"134":0,"135":0,"136":0,"138":0,"139":0,"140":0,"144":0,"148":1,"149":0,"150":0,"151":0,"155":1,"156":0,"157":0,"159":0,"160":0,"161":0,"166":1,"167":0,"168":0,"170":0,"171":0,"175":1,"176":0,"177":0,"181":1,"182":0,"183":0,"187":1,"188":0,"189":0,"192":1,"193":0,"194":0,"195":0,"198":0,"203":0,"204":0,"207":0,"209":0,"210":0,"212":0,"213":0,"215":0,"216":0,"219":0,"223":1,"224":0,"225":0,"226":0,"228":0,"229":0,"232":1,"233":0,"234":0,"235":0,"237":0,"240":1,"241":0,"242":0,"245":1}},"/home/travis/build/npmtest/node-npmtest-websocket/node_modules/websocket/lib/utils.js":{"path":"/home/travis/build/npmtest/node-npmtest-websocket/node_modules/websocket/lib/utils.js","s":{"1":1,"2":1,"3":0,"4":0,"5":1,"6":0,"7":1,"8":0,"9":0,"10":0,"11":0,"12":0,"13":0,"14":0,"15":0,"16":0,"17":1,"18":0,"19":0,"20":0,"21":0,"22":1,"23":0,"24":0,"25":1,"26":0,"27":0,"28":1,"29":0,"30":0,"31":0,"32":0,"33":0,"34":0,"35":0,"36":0,"37":0,"38":0,"39":0},"b":{"1":[1,0],"2":[0,0],"3":[0,0],"4":[0,0],"5":[0,0]},"f":{"1":0,"2":0,"3":0,"4":0,"5":0,"6":0,"7":0,"8":0,"9":0},"fnMap":{"1":{"name":"(anonymous_1)","line":1,"loc":{"start":{"line":1,"column":26},"end":{"line":1,"column":36}}},"2":{"name":"extend","line":3,"loc":{"start":{"line":3,"column":17},"end":{"line":3,"column":47}}},"3":{"name":"(anonymous_3)","line":11,"loc":{"start":{"line":11,"column":4},"end":{"line":11,"column":28}}},"4":{"name":"createBufferingLogger","line":17,"loc":{"start":{"line":17,"column":26},"end":{"line":17,"column":79}}},"5":{"name":"BufferingLogger","line":30,"loc":{"start":{"line":30,"column":0},"end":{"line":30,"column":60}}},"6":{"name":"(anonymous_6)","line":37,"loc":{"start":{"line":37,"column":32},"end":{"line":37,"column":43}}},"7":{"name":"(anonymous_7)","line":42,"loc":{"start":{"line":42,"column":34},"end":{"line":42,"column":45}}},"8":{"name":"(anonymous_8)","line":47,"loc":{"start":{"line":47,"column":40},"end":{"line":47,"column":62}}},"9":{"name":"(anonymous_9)","line":50,"loc":{"start":{"line":50,"column":24},"end":{"line":50,"column":40}}}},"statementMap":{"1":{"start":{"line":1,"column":0},"end":{"line":1,"column":39}},"2":{"start":{"line":3,"column":0},"end":{"line":7,"column":2}},"3":{"start":{"line":4,"column":4},"end":{"line":6,"column":5}},"4":{"start":{"line":5,"column":8},"end":{"line":5,"column":34}},"5":{"start":{"line":9,"column":0},"end":{"line":11,"column":71}},"6":{"start":{"line":11,"column":30},"end":{"line":11,"column":68}},"7":{"start":{"line":17,"column":0},"end":{"line":28,"column":2}},"8":{"start":{"line":18,"column":4},"end":{"line":18,"column":51}},"9":{"start":{"line":19,"column":4},"end":{"line":25,"column":5}},"10":{"start":{"line":20,"column":8},"end":{"line":20,"column":76}},"11":{"start":{"line":21,"column":8},"end":{"line":21,"column":44}},"12":{"start":{"line":22,"column":8},"end":{"line":22,"column":60}},"13":{"start":{"line":23,"column":8},"end":{"line":23,"column":44}},"14":{"start":{"line":24,"column":8},"end":{"line":24,"column":21}},"15":{"start":{"line":26,"column":4},"end":{"line":26,"column":35}},"16":{"start":{"line":27,"column":4},"end":{"line":27,"column":23}},"17":{"start":{"line":30,"column":0},"end":{"line":35,"column":1}},"18":{"start":{"line":31,"column":4},"end":{"line":31,"column":35}},"19":{"start":{"line":32,"column":4},"end":{"line":32,"column":33}},"20":{"start":{"line":33,"column":4},"end":{"line":33,"column":29}},"21":{"start":{"line":34,"column":4},"end":{"line":34,"column":21}},"22":{"start":{"line":37,"column":0},"end":{"line":40,"column":2}},"23":{"start":{"line":38,"column":2},"end":{"line":38,"column":74}},"24":{"start":{"line":39,"column":2},"end":{"line":39,"column":14}},"25":{"start":{"line":42,"column":0},"end":{"line":45,"column":2}},"26":{"start":{"line":43,"column":2},"end":{"line":43,"column":19}},"27":{"start":{"line":44,"column":2},"end":{"line":44,"column":14}},"28":{"start":{"line":47,"column":0},"end":{"line":60,"column":2}},"29":{"start":{"line":48,"column":4},"end":{"line":48,"column":57}},"30":{"start":{"line":48,"column":24},"end":{"line":48,"column":55}},"31":{"start":{"line":49,"column":4},"end":{"line":49,"column":33}},"32":{"start":{"line":50,"column":4},"end":{"line":59,"column":7}},"33":{"start":{"line":51,"column":8},"end":{"line":51,"column":45}},"34":{"start":{"line":52,"column":8},"end":{"line":52,"column":36}},"35":{"start":{"line":53,"column":8},"end":{"line":53,"column":35}},"36":{"start":{"line":54,"column":8},"end":{"line":58,"column":9}},"37":{"start":{"line":55,"column":12},"end":{"line":55,"column":66}},"38":{"start":{"line":56,"column":12},"end":{"line":56,"column":60}},"39":{"start":{"line":57,"column":12},"end":{"line":57,"column":44}}},"branchMap":{"1":{"line":10,"type":"binary-expr","locations":[{"start":{"line":10,"column":4},"end":{"line":10,"column":48}},{"start":{"line":11,"column":4},"end":{"line":11,"column":70}}]},"2":{"line":19,"type":"if","locations":[{"start":{"line":19,"column":4},"end":{"line":19,"column":4}},{"start":{"line":19,"column":4},"end":{"line":19,"column":4}}]},"3":{"line":48,"type":"if","locations":[{"start":{"line":48,"column":4},"end":{"line":48,"column":4}},{"start":{"line":48,"column":4},"end":{"line":48,"column":4}}]},"4":{"line":54,"type":"if","locations":[{"start":{"line":54,"column":8},"end":{"line":54,"column":8}},{"start":{"line":54,"column":8},"end":{"line":54,"column":8}}]},"5":{"line":54,"type":"binary-expr","locations":[{"start":{"line":54,"column":12},"end":{"line":54,"column":37}},{"start":{"line":54,"column":41},"end":{"line":54,"column":62}}]}},"code":["var noop = exports.noop = function(){};","","exports.extend = function extend(dest, source) {","    for (var prop in source) {","        dest[prop] = source[prop];","    }","};","","exports.eventEmitterListenerCount =","    require('events').EventEmitter.listenerCount ||","    function(emitter, type) { return emitter.listeners(type).length; };","","","","","","exports.BufferingLogger = function createBufferingLogger(identifier, uniqueID) {","    var logFunction = require('debug')(identifier);","    if (logFunction.enabled) {","        var logger = new BufferingLogger(identifier, uniqueID, logFunction);","        var debug = logger.log.bind(logger);","        debug.printOutput = logger.printOutput.bind(logger);","        debug.enabled = logFunction.enabled;","        return debug;","    }","    logFunction.printOutput = noop;","    return logFunction;","};","","function BufferingLogger(identifier, uniqueID, logFunction) {","    this.logFunction = logFunction;","    this.identifier = identifier;","    this.uniqueID = uniqueID;","    this.buffer = [];","}","","BufferingLogger.prototype.log = function() {","  this.buffer.push([ new Date(), Array.prototype.slice.call(arguments) ]);","  return this;","};","","BufferingLogger.prototype.clear = function() {","  this.buffer = [];","  return this;","};","","BufferingLogger.prototype.printOutput = function(logFunction) {","    if (!logFunction) { logFunction = this.logFunction; }","    var uniqueID = this.uniqueID;","    this.buffer.forEach(function(entry) {","        var date = entry[0].toLocaleString();","        var args = entry[1].slice();","        var formatString = args[0];","        if (formatString !== (void 0) && formatString !== null) {","            formatString = '%s - %s - ' + formatString.toString();","            args.splice(0, 1, formatString, date, uniqueID);","            logFunction.apply(global, args);","        }","    });","};",""],"l":{"1":1,"3":1,"4":0,"5":0,"9":1,"11":0,"17":1,"18":0,"19":0,"20":0,"21":0,"22":0,"23":0,"24":0,"26":0,"27":0,"30":1,"31":0,"32":0,"33":0,"34":0,"37":1,"38":0,"39":0,"42":1,"43":0,"44":0,"47":1,"48":0,"49":0,"50":0,"51":0,"52":0,"53":0,"54":0,"55":0,"56":0,"57":0}},"/home/travis/build/npmtest/node-npmtest-websocket/node_modules/websocket/lib/WebSocketRequest.js":{"path":"/home/travis/build/npmtest/node-npmtest-websocket/node_modules/websocket/lib/WebSocketRequest.js","s":{"1":1,"2":1,"3":1,"4":1,"5":1,"6":1,"7":1,"8":1,"9":1,"10":1,"11":1,"12":1,"13":31,"14":1,"15":1,"16":1,"17":1,"18":1,"19":1,"20":1,"21":0,"22":0,"23":0,"24":0,"25":0,"26":0,"27":0,"28":0,"29":0,"30":0,"31":0,"32":0,"33":1,"34":1,"35":0,"36":0,"37":0,"38":0,"39":0,"40":0,"41":0,"42":0,"43":0,"44":0,"45":0,"46":0,"47":0,"48":0,"49":0,"50":0,"51":0,"52":0,"53":0,"54":0,"55":0,"56":0,"57":0,"58":0,"59":0,"60":0,"61":0,"62":0,"63":0,"64":0,"65":0,"66":0,"67":0,"68":0,"69":0,"70":0,"71":0,"72":0,"73":0,"74":0,"75":1,"76":0,"77":0,"78":0,"79":0,"80":0,"81":0,"82":0,"83":0,"84":0,"85":0,"86":0,"87":0,"88":0,"89":0,"90":1,"91":0,"92":0,"93":0,"94":0,"95":0,"96":0,"97":0,"98":0,"99":0,"100":0,"101":0,"102":0,"103":0,"104":0,"105":0,"106":1,"107":0,"108":0,"109":0,"110":0,"111":0,"112":0,"113":0,"114":0,"115":0,"116":0,"117":0,"118":0,"119":0,"120":0,"121":0,"122":0,"123":0,"124":0,"125":0,"126":0,"127":0,"128":
[...]
(self);","    });","","    this._client.connect(url, protocols, origin, headers, requestOptions);","}","","","// Expose W3C read only attributes.","Object.defineProperties(W3CWebSocket.prototype, {","    url:            { get: function() { return this._url;            } },","    readyState:     { get: function() { return this._readyState;     } },","    protocol:       { get: function() { return this._protocol;       } },","    extensions:     { get: function() { return this._extensions;     } },","    bufferedAmount: { get: function() { return this._bufferedAmount; } }","});","","","// Expose W3C write/read attributes.","Object.defineProperties(W3CWebSocket.prototype, {","    binaryType: {","        get: function() {","            return this._binaryType;","        },","        set: function(type) {","            // TODO: Just 'arraybuffer' supported.","            if (type !== 'arraybuffer') {","                throw new SyntaxError('just \"arraybuffer\" type allowed for \"binaryType\" attribute');","            }","            this._binaryType = type;","        }","    }","});","","","// Expose W3C readyState constants into the WebSocket instance as W3C states.","[['CONNECTING',CONNECTING], ['OPEN',OPEN], ['CLOSING',CLOSING], ['CLOSED',CLOSED]].forEach(function(property) {","    Object.defineProperty(W3CWebSocket.prototype, property[0], {","        get: function() { return property[1]; }","    });","});","","// Also expose W3C readyState constants into the WebSocket class (not defined by the W3C,","// but there are so many libs relying on them).","[['CONNECTING',CONNECTING], ['OPEN',OPEN], ['CLOSING',CLOSING], ['CLOSED',CLOSED]].forEach(function(property) {","    Object.defineProperty(W3CWebSocket, property[0], {","        get: function() { return property[1]; }","    });","});","","","W3CWebSocket.prototype.send = function(data) {","    if (this._readyState !== OPEN) {","        throw new Error('cannot call send() while not connected');","    }","","    // Text.","    if (typeof data === 'string' || data instanceof String) {","        this._connection.sendUTF(data);","    }","    // Binary.","    else {","        // Node Buffer.","        if (data instanceof Buffer) {","            this._connection.sendBytes(data);","        }","        // If ArrayBuffer or ArrayBufferView convert it to Node Buffer.","        else if (data.byteLength || data.byteLength === 0) {","            data = toBuffer(data);","            this._connection.sendBytes(data);","        }","        else {","            throw new Error('unknown binary data:', data);","        }","    }","};","","","W3CWebSocket.prototype.close = function(code, reason) {","    switch(this._readyState) {","        case CONNECTING:","            // NOTE: We don't have the WebSocketConnection instance yet so no","            // way to close the TCP connection.","            // Artificially invoke the onConnectFailed event.","            onConnectFailed.call(this);","            // And close if it connects after a while.","            this._client.on('connect', function(connection) {","                if (code) {","                    connection.close(code, reason);","                } else {","                    connection.close();","                }","            });","            break;","        case OPEN:","            this._readyState = CLOSING;","            if (code) {","                this._connection.close(code, reason);","            } else {","                this._connection.close();","            }","            break;","        case CLOSING:","        case CLOSED:","            break;","    }","};","","","/**"," * Private API."," */","","","function createCloseEvent(code, reason) {","    var event = new yaeti.Event('close');","","    event.code = code;","    event.reason = reason;","    event.wasClean = (typeof code === 'undefined' || code === 1000);","","    return event;","}","","","function createMessageEvent(data) {","    var event = new yaeti.Event('message');","","    event.data = data;","","    return event;","}","","","function onConnect(connection) {","    var self = this;","","    this._readyState = OPEN;","    this._connection = connection;","    this._protocol = connection.protocol;","    this._extensions = connection.extensions;","","    this._connection.on('close', function(code, reason) {","        onClose.call(self, code, reason);","    });","","    this._connection.on('message', function(msg) {","        onMessage.call(self, msg);","    });","","    this.dispatchEvent(new yaeti.Event('open'));","}","","","function onConnectFailed() {","    destroy.call(this);","    this._readyState = CLOSED;","","    try {","        this.dispatchEvent(new yaeti.Event('error'));","    } finally {","        this.dispatchEvent(createCloseEvent(1006, 'connection failed'));","    }","}","","","function onClose(code, reason) {","    destroy.call(this);","    this._readyState = CLOSED;","","    this.dispatchEvent(createCloseEvent(code, reason || ''));","}","","","function onMessage(message) {","    if (message.utf8Data) {","        this.dispatchEvent(createMessageEvent(message.utf8Data));","    }","    else if (message.binaryData) {","        // Must convert from Node Buffer to ArrayBuffer.","        // TODO: or to a Blob (which does not exist in Node!).","        if (this.binaryType === 'arraybuffer') {","            var buffer = message.binaryData;","            var arraybuffer = new ArrayBuffer(buffer.length);","            var view = new Uint8Array(arraybuffer);","            for (var i=0, len=buffer.length; i<len; ++i) {","                view[i] = buffer[i];","            }","            this.dispatchEvent(createMessageEvent(arraybuffer));","        }","    }","}","","","function destroy() {","    this._client.removeAllListeners();","    if (this._connection) {","        this._connection.removeAllListeners();","    }","}",""],"l":{"17":1,"18":1,"19":1,"22":1,"23":1,"24":1,"25":1,"28":1,"31":1,"33":0,"36":0,"37":0,"39":0,"41":0,"42":0,"43":0,"44":0,"45":0,"46":0,"49":0,"52":0,"54":0,"55":0,"58":0,"59":0,"62":0,"67":1,"68":0,"69":0,"70":0,"71":0,"72":0,"77":1,"80":0,"84":0,"85":0,"87":0,"94":1,"95":4,"96":0,"102":1,"103":4,"104":0,"109":1,"110":0,"111":0,"115":0,"116":0,"121":0,"122":0,"125":0,"126":0,"127":0,"130":0,"136":1,"137":0,"142":0,"144":0,"145":0,"146":0,"148":0,"151":0,"153":0,"154":0,"155":0,"157":0,"159":0,"162":0,"172":1,"173":0,"175":0,"176":0,"177":0,"179":0,"183":1,"184":0,"186":0,"188":0,"192":1,"193":0,"195":0,"196":0,"197":0,"198":0,"200":0,"201":0,"204":0,"205":0,"208":0,"212":1,"213":0,"214":0,"216":0,"217":0,"219":0,"224":1,"225":0,"226":0,"228":0,"232":1,"233":0,"234":0,"236":0,"239":0,"240":0,"241":0,"242":0,"243":0,"244":0,"246":0,"252":1,"253":0,"254":0,"255":0}},"/home/travis/build/npmtest/node-npmtest-websocket/node_modules/websocket/lib/Deprecation.js":{"path":"/home/travis/build/npmtest/node-npmtest-websocket/node_modules/websocket/lib/Deprecation.js","s":{"1":1,"2":0,"3":0,"4":0,"5":1},"b":{"1":[0,0],"2":[0,0]},"f":{"1":0},"fnMap":{"1":{"name":"(anonymous_1)","line":24,"loc":{"start":{"line":24,"column":10},"end":{"line":24,"column":36}}}},"statementMap":{"1":{"start":{"line":17,"column":0},"end":{"line":30,"column":2}},"2":{"start":{"line":25,"column":8},"end":{"line":28,"column":9}},"3":{"start":{"line":26,"column":12},"end":{"line":26,"column":96}},"4":{"start":{"line":27,"column":12},"end":{"line":27,"column":64}},"5":{"start":{"line":32,"column":0},"end":{"line":32,"column":29}}},"branchMap":{"1":{"line":25,"type":"if","locations":[{"start":{"line":25,"column":8},"end":{"line":25,"column":8}},{"start":{"line":25,"column":8},"end":{"line":25,"column":8}}]},"2":{"line":25,"type":"binary-expr","locations":[{"start":{"line":25,"column":12},"end":{"line":25,"column":33}},{"start":{"line":25,"column":37},"end":{"line":25,"column":80}}]}},"code":["/************************************************************************"," *  Copyright 2010-2015 Brian McKelvey."," *"," *  Licensed under the Apache License, Version 2.0 (the \"License\");"," *  you may not use this file except in compliance with the License."," *  You may obtain a copy of the License at"," *"," *      http://www.apache.org/licenses/LICENSE-2.0"," *"," *  Unless required by applicable law or agreed to in writing, software"," *  distributed under the License is distributed on an \"AS IS\" BASIS,"," *  WITHOUT WARRANTIES OR CONDITIONS OF ANY KIND, either express or implied."," *  See the License for the specific language governing permissions and"," *  limitations under the License."," ***********************************************************************/","","var Deprecation = {","    disableWarnings: false,","","    deprecationWarningMap: {","","    },","","    warn: function(deprecationName) {","        if (!this.disableWarnings && this.deprecationWarningMap[deprecationName]) {","            console.warn('DEPRECATION WARNING: ' + this.deprecationWarningMap[deprecationName]);","            this.deprecationWarningMap[deprecationName] = false;","        }","    }","};","","module.exports = Deprecation;",""],"l":{"17":1,"25":0,"26":0,"27":0,"32":1}},"/home/travis/build/npmtest/node-npmtest-websocket/node_modules/websocket/lib/version.js":{"path":"/home/travis/build/npmtest/node-npmtest-websocket/node_modules/websocket/lib/version.js","s":{"1":1},"b":{},"f":{},"fnMap":{},"statementMap":{"1":{"start":{"line":1,"column":0},"end":{"line":1,"column":52}}},"branchMap":{},"code":["module.exports = require('../package.json').version;",""],"l":{"1":1}},"/home/travis/build/npmtest/node-npmtest-websocket/node_modules/websocket/gulpfile.js":{"path":"/home/travis/build/npmtest/node-npmtest-websocket/node_modules/websocket/gulpfile.js","s":{"1":2,"2":0,"3":0,"4":0,"5":0},"b":{},"f":{"1":0},"fnMap":{"1":{"name":"(anonymous_1)","line":7,"loc":{"start":{"line":7,"column":18},"end":{"line":7,"column":29}}}},"statementMap":{"1":{"start":{"line":4,"column":0},"end":{"line":4,"column":27}},"2":{"start":{"line":5,"column":0},"end":{"line":5,"column":36}},"3":{"start":{"line":7,"column":0},"end":{"line":12,"column":3}},"4":{"start":{"line":8,"column":1},"end":{"line":11,"column":33}},"5":{"start":{"line":14,"column":0},"end":{"line":14,"column":42}}},"branchMap":{},"code":["/**"," * Dependencies."," */","var gulp = require('gulp');","var jshint = require('gulp-jshint');","","gulp.task('lint', function() {","\treturn gulp.src(['gulpfile.js', 'lib/**/*.js', 'test/**/*.js'])","\t\t.pipe(jshint('.jshintrc'))","\t\t.pipe(jshint.reporter('jshint-stylish', {verbose: true}))","\t\t.pipe(jshint.reporter('fail'));","});","","gulp.task('default', gulp.series('lint'));",""],"l":{"4":2,"5":0,"7":0,"8":0,"14":0}},"/home/travis/build/npmtest/node-npmtest-websocket/node_modules/websocket/lib/BufferUtil.fallback.js":{"path":"/home/travis/build/npmtest/node-npmtest-websocket/node_modules/websocket/lib/BufferUtil.fallback.js","s":{"1":1,"2":0,"3":0,"4":0,"5":0,"6":0,"7":0,"8":0,"9":0,"10":0,"11":0,"12":0,"13":0,"14":0,"15":0,"16":0,"17":0,"18":0,"19":0,"20":0,"21":0,"22":0,"23":0,"24":0,"25":0,"26":0,"27":0,"28":0,"29":0},"b":{"1":[0,0],"2":[0,0,0,0],"3":[0,0],"4":[0,0,0,0]},"f":{"1":0,"2":0,"3":0},"fnMap":{"1":{"name":"(anonymous_1)","line":11,"loc":{"start":{"line":11,"column":9},"end":{"line":11,"column":41}}},"2":{"name":"(anonymous_2)","line":19,"loc":{"start":{"line":19,"column":8},"end":{"line":19,"column":55}}},"3":{"name":"(anonymous_3)","line":34,"loc":{"start":{"line":34,"column":10},"end":{"line":34,"column":31}}}},"statementMap":{"1":{"start":{"line":10,"column":0},"end":{"line":50,"column":2}},"2":{"start":{"line":12,"column":4},"end":{"line":12,"column":19}},"3":{"start":{"line":13,"column":4},"end":{"line":17,"column":5}},"4":{"start":{"line":14,"column":6},"end":{"line":14,"column":27}},"5":{"start":{"line":15,"column":6},"end":{"line":15,"column":37}},"6":{"start":{"line":16,"column":6},"end":{"line":16,"column":27}},"7":{"start":{"line":20,"column":4},"end":{"line":20,"column":45}},"8":{"start":{"line":21,"column":4},"end":{"line":21,"column":14}},"9":{"start":{"line":22,"column":4},"end":{"line":26,"column":5}},"10":{"start":{"line":23,"column":6},"end":{"line":23,"column":55}},"11":{"start":{"line":24,"column":6},"end":{"line":24,"column":46}},"12":{"start":{"line":24,"column":21},"end":{"line":24,"column":44}},"13":{"start":{"line":25,"column":6},"end":{"line":25,"column":50}},"14":{"start":{"line":27,"column":4},"end":{"line":32,"column":5}},"15":{"start":{"line":28,"column":14},"end":{"line":28,"column":63}},"16":{"start":{"line":29,"column":14},"end":{"line":29,"column":63}},"17":{"start":{"line":30,"column":14},"end":{"line":30,"column":55}},"18":{"start":{"line":35,"column":4},"end":{"line":35,"column":45}},"19":{"start":{"line":36,"column":4},"end":{"line":36,"column":29}},"20":{"start":{"line":37,"column":4},"end":{"line":37,"column":14}},"21":{"start":{"line":38,"column":4},"end":{"line":42,"column":5}},"22":{"start":{"line":39,"column":6},"end":{"line":39,"column":53}},"23":{"start":{"line":40,"column":6},"end":{"line":40,"column":46}},"24":{"start":{"line":40,"column":21},"end":{"line":40,"column":44}},"25":{"start":{"line":41,"column":6},"end":{"line":41,"column":39}},"26":{"start":{"line":43,"column":4},"end":{"line":48,"column":5}},"27":{"start":{"line":44,"column":14},"end":{"line":44,"column":50}},"28":{"start":{"line":45,"column":14},"end":{"line":45,"column":50}},"29":{"start":{"line":46,"column":14},"end":{"line":46,"column":42}}},"branchMap":{"1":{"line":24,"type":"if","locations":[{"start":{"line":24,"column":6},"end":{"line":24,"column":6}},{"start":{"line":24,"column":6},"end":{"line":24,"column":6}}]},"2":{"line":27,"type":"switch","locations":[{"start":{"line":28,"column":6},"end":{"line":28,"column":63}},{"start":{"line":29,"column":6},"end":{"line":29,"column":63}},{"start":{"line":30,"column":6},"end":{"line":30,"column":55}},{"start":{"line":31,"column":6},"end":{"line":31,"column":13}}]},"3":{"line":40,"type":"if","locations":[{"start":{"line":40,"column":6},"end":{"line":40,"column":6}},{"start":{"line":40,"column":6},"end":{"line":40,"column":6}}]},"4":{"line":43,"type":"switch","locations":[{"start":{"line":44,"column":6},"end":{"line":44,"column":50}},{"start":{"line":45,"column":6},"end":{"line":45,"column":50}},{"start":{"line":46,"column":6},"end":{"line":46,"column":42}},{"start":{"line":47,"column":6},"end":{"line":47,"column":13}}]}},"code":["/*!"," * Copied from:"," * ws: a node.js websocket client"," * Copyright(c) 2011 Einar Otto Stangvik <einaros@gmail.com>"," * MIT Licensed"," */","","/* jshint -W086 */","","module.exports.BufferUtil = {","  merge: function(mergedBuffer, buffers) {","    var offset = 0;","    for (var i = 0, l = buffers.length; i < l; ++i) {","      var buf = buffers[i];","      buf.copy(mergedBuffer, offset);","      offset += buf.length;","    }","  },","  mask: function(source, mask, output, offset, length) {","    var maskNum = mask.readUInt32LE(0, true);","    var i = 0;","    for (; i < length - 3; i += 4) {","      var num = maskNum ^ source.readUInt32LE(i, true);","      if (num < 0) { num = 4294967296 + num; }","      output.writeUInt32LE(num, offset + i, true);","    }","    switch (length % 4) {","      case 3: output[offset + i + 2] = source[i + 2] ^ mask[2];","      case 2: output[offset + i + 1] = source[i + 1] ^ mask[1];","      case 1: output[offset + i] = source[i] ^ mask[0];","      case 0:","    }","  },","  unmask: function(data, mask) {","    var maskNum = mask.readUInt32LE(0, true);","    var length = data.length;","    var i = 0;","    for (; i < length - 3; i += 4) {","      var num = maskNum ^ data.readUInt32LE(i, true);","      if (num < 0) { num = 4294967296 + num; }","      data.writeUInt32LE(num, i, true);","    }","    switch (length % 4) {","      case 3: data[i + 2] = data[i + 2] ^ mask[2];","      case 2: data[i + 1] = data[i + 1] ^ mask[1];","      case 1: data[i] = data[i] ^ mask[0];","      case 0:","    }","  }","};","","/* jshint +W086 */"],"l":{"10":1,"12":0,"13":0,"14":0,"15":0,"16":0,"20":0,"21":0,"22":0,"23":0,"24":0,"25":0,"27":0,"28":0,"29":0,"30":0,"35":0,"36":0,"37":0,"38":0,"39":0,"40":0,"41":0,"43":0,"44":0,"45":0,"46":0}},"/home/travis/build/npmtest/node-npmtest-websocket/node_modules/websocket/lib/Validation.fallback.js":{"path":"/home/travis/build/npmtest/node-npmtest-websocket/node_modules/websocket/lib/Validation.fallback.js","s":{"1":1,"2":0},"b":{},"f":{"1":0},"fnMap":{"1":{"name":"(anonymous_1)","line":9,"loc":{"start":{"line":9,"column":15},"end":{"line":9,"column":26}}}},"statementMap":{"1":{"start":{"line":8,"column":0},"end":{"line":12,"column":2}},"2":{"start":{"line":10,"column":4},"end":{"line":10,"column":16}}},"branchMap":{},"code":["/*!"," * UTF-8 Validation Fallback Code originally from:"," * ws: a node.js websocket client"," * Copyright(c) 2011 Einar Otto Stangvik <einaros@gmail.com>"," * MIT Licensed"," */","","module.exports.Validation = {","  isValidUTF8: function() {","    return true;","  }","};",""],"l":{"8":1,"10":0}},"/home/travis/build/npmtest/node-npmtest-websocket/node_modules/websocket/lib/browser.js":{"path":"/home/travis/build/npmtest/node-npmtest-websocket/node_modules/websocket/lib/browser.js","s":{"1":1,"2":1,"3":1,"4":1,"5":1,"6":0,"7":0,"8":0,"9":0,"10":0,"11":1},"b":{"1":[1,1],"2":[0,0],"3":[0,1]},"f":{"1":1,"2":0},"fnMap":{"1":{"name":"(anonymous_1)","line":1,"loc":{"start":{"line":1,"column":15},"end":{"line":1,"column":26}}},"2":{"name":"W3CWebSocket","line":9,"loc":{"start":{"line":9,"column":0},"end":{"line":9,"column":38}}}},"statementMap":{"1":{"start":{"line":1,"column":0},"end":{"line":1,"column":46}},"2":{"start":{"line":1,"column":28},"end":{"line":1,"column":40}},"3":{"start":{"line":2,"column":0},"end":{"line":2,"column":64}},"4":{"start":{"line":3,"column":0},"end":{"line":3,"column":45}},"5":{"start":{"line":9,"column":0},"end":{"line":27,"column":1}},"6":{"start":{"line":10,"column":1},"end":{"line":10,"column":21}},"7":{"start":{"line":12,"column":1},"end":{"line":17,"column":2}},"8":{"start":{"line":13,"column":2},"end":{"line":13,"column":56}},"9":{"start":{"line":16,"column":2},"end":{"line":16,"column":45}},"10":{"start":{"line":26,"column":1},"end":{"line":26,"column":24}},"11":{"start":{"line":33,"column":0},"end":{"line":36,"column":2}}},"branchMap":{"1":{"line":2,"type":"binary-expr","locations":[{"start":{"line":2,"column":22},"end":{"line":2,"column":39}},{"start":{"line":2,"column":43},"end":{"line":2,"column":63}}]},"2":{"line":12,"type":"if","locations":[{"start":{"line":12,"column":1},"end":{"line":12,"column":1}},{"start":{"line":12,"column":1},"end":{"line":12,"column":1}}]},"3":{"line":34,"type":"cond-expr","locations":[{"start":{"line":34,"column":39},"end":{"line":34,"column":51}},{"start":{"line":34,"column":54},"end":{"line":34,"column":58}}]}},"code":["var _global = (function() { return this; })();","var NativeWebSocket = _global.WebSocket || _global.MozWebSocket;","var websocket_version = require('./version');","","","/**"," * Expose a W3C WebSocket class with just one or two arguments."," */","function W3CWebSocket(uri, protocols) {","\tvar native_instance;","","\tif (protocols) {","\t\tnative_instance = new NativeWebSocket(uri, protocols);","\t}","\telse {","\t\tnative_instance = new NativeWebSocket(uri);","\t}","","\t/**","\t * 'native_instance' is an instance of nativeWebSocket (the browser's WebSocket","\t * class). Since it is an Object it will be returned as it is when creating an","\t * instance of W3CWebSocket via 'new W3CWebSocket()'.","\t *","\t * ECMAScript 5: http://bclary.com/2004/11/07/#a-13.2.2","\t */","\treturn native_instance;","}","","","/**"," * Module exports."," */","module.exports = {","    'w3cwebsocket' : NativeWebSocket ? W3CWebSocket : null,","    'version'      : websocket_version","};",""],"l":{"1":1,"2":1,"3":1,"9":1,"10":0,"12":0,"13":0,"16":0,"26":0,"33":1}}}